ARM GAS  /tmp/ccCGXrbD.s 			page 1


   1              		.cpu cortex-m3
   2              		.eabi_attribute 20, 1
   3              		.eabi_attribute 21, 1
   4              		.eabi_attribute 23, 3
   5              		.eabi_attribute 24, 1
   6              		.eabi_attribute 25, 1
   7              		.eabi_attribute 26, 1
   8              		.eabi_attribute 30, 1
   9              		.eabi_attribute 34, 1
  10              		.eabi_attribute 18, 4
  11              		.file	"stm32f1xx_it.c"
  12              		.text
  13              	.Ltext0:
  14              		.cfi_sections	.debug_frame
  15              		.section	.text.NMI_Handler,"ax",%progbits
  16              		.align	1
  17              		.global	NMI_Handler
  18              		.arch armv7-m
  19              		.syntax unified
  20              		.thumb
  21              		.thumb_func
  22              		.fpu softvfp
  24              	NMI_Handler:
  25              	.LFB66:
  26              		.file 1 "Src/stm32f1xx_it.c"
   1:Src/stm32f1xx_it.c **** /* USER CODE BEGIN Header */
   2:Src/stm32f1xx_it.c **** /**
   3:Src/stm32f1xx_it.c ****   ******************************************************************************
   4:Src/stm32f1xx_it.c ****   * @file    stm32f1xx_it.c
   5:Src/stm32f1xx_it.c ****   * @brief   Interrupt Service Routines.
   6:Src/stm32f1xx_it.c ****   ******************************************************************************
   7:Src/stm32f1xx_it.c ****   *
   8:Src/stm32f1xx_it.c ****   * COPYRIGHT(c) 2019 STMicroelectronics
   9:Src/stm32f1xx_it.c ****   *
  10:Src/stm32f1xx_it.c ****   * Redistribution and use in source and binary forms, with or without modification,
  11:Src/stm32f1xx_it.c ****   * are permitted provided that the following conditions are met:
  12:Src/stm32f1xx_it.c ****   *   1. Redistributions of source code must retain the above copyright notice,
  13:Src/stm32f1xx_it.c ****   *      this list of conditions and the following disclaimer.
  14:Src/stm32f1xx_it.c ****   *   2. Redistributions in binary form must reproduce the above copyright notice,
  15:Src/stm32f1xx_it.c ****   *      this list of conditions and the following disclaimer in the documentation
  16:Src/stm32f1xx_it.c ****   *      and/or other materials provided with the distribution.
  17:Src/stm32f1xx_it.c ****   *   3. Neither the name of STMicroelectronics nor the names of its contributors
  18:Src/stm32f1xx_it.c ****   *      may be used to endorse or promote products derived from this software
  19:Src/stm32f1xx_it.c ****   *      without specific prior written permission.
  20:Src/stm32f1xx_it.c ****   *
  21:Src/stm32f1xx_it.c ****   * THIS SOFTWARE IS PROVIDED BY THE COPYRIGHT HOLDERS AND CONTRIBUTORS "AS IS"
  22:Src/stm32f1xx_it.c ****   * AND ANY EXPRESS OR IMPLIED WARRANTIES, INCLUDING, BUT NOT LIMITED TO, THE
  23:Src/stm32f1xx_it.c ****   * IMPLIED WARRANTIES OF MERCHANTABILITY AND FITNESS FOR A PARTICULAR PURPOSE ARE
  24:Src/stm32f1xx_it.c ****   * DISCLAIMED. IN NO EVENT SHALL THE COPYRIGHT HOLDER OR CONTRIBUTORS BE LIABLE
  25:Src/stm32f1xx_it.c ****   * FOR ANY DIRECT, INDIRECT, INCIDENTAL, SPECIAL, EXEMPLARY, OR CONSEQUENTIAL
  26:Src/stm32f1xx_it.c ****   * DAMAGES (INCLUDING, BUT NOT LIMITED TO, PROCUREMENT OF SUBSTITUTE GOODS OR
  27:Src/stm32f1xx_it.c ****   * SERVICES; LOSS OF USE, DATA, OR PROFITS; OR BUSINESS INTERRUPTION) HOWEVER
  28:Src/stm32f1xx_it.c ****   * CAUSED AND ON ANY THEORY OF LIABILITY, WHETHER IN CONTRACT, STRICT LIABILITY,
  29:Src/stm32f1xx_it.c ****   * OR TORT (INCLUDING NEGLIGENCE OR OTHERWISE) ARISING IN ANY WAY OUT OF THE USE
  30:Src/stm32f1xx_it.c ****   * OF THIS SOFTWARE, EVEN IF ADVISED OF THE POSSIBILITY OF SUCH DAMAGE.
  31:Src/stm32f1xx_it.c ****   *
  32:Src/stm32f1xx_it.c ****   ******************************************************************************
ARM GAS  /tmp/ccCGXrbD.s 			page 2


  33:Src/stm32f1xx_it.c ****   */
  34:Src/stm32f1xx_it.c **** /* USER CODE END Header */
  35:Src/stm32f1xx_it.c **** 
  36:Src/stm32f1xx_it.c **** /* Includes ------------------------------------------------------------------*/
  37:Src/stm32f1xx_it.c **** #include "main.h"
  38:Src/stm32f1xx_it.c **** #include "stm32f1xx_it.h"
  39:Src/stm32f1xx_it.c **** /* Private includes ----------------------------------------------------------*/
  40:Src/stm32f1xx_it.c **** /* USER CODE BEGIN Includes */
  41:Src/stm32f1xx_it.c **** /* USER CODE END Includes */
  42:Src/stm32f1xx_it.c **** 
  43:Src/stm32f1xx_it.c **** /* Private typedef -----------------------------------------------------------*/
  44:Src/stm32f1xx_it.c **** /* USER CODE BEGIN TD */
  45:Src/stm32f1xx_it.c **** 
  46:Src/stm32f1xx_it.c **** /* USER CODE END TD */
  47:Src/stm32f1xx_it.c **** 
  48:Src/stm32f1xx_it.c **** /* Private define ------------------------------------------------------------*/
  49:Src/stm32f1xx_it.c **** /* USER CODE BEGIN PD */
  50:Src/stm32f1xx_it.c ****  
  51:Src/stm32f1xx_it.c **** /* USER CODE END PD */
  52:Src/stm32f1xx_it.c **** 
  53:Src/stm32f1xx_it.c **** /* Private macro -------------------------------------------------------------*/
  54:Src/stm32f1xx_it.c **** /* USER CODE BEGIN PM */
  55:Src/stm32f1xx_it.c **** 
  56:Src/stm32f1xx_it.c **** /* USER CODE END PM */
  57:Src/stm32f1xx_it.c **** 
  58:Src/stm32f1xx_it.c **** /* Private variables ---------------------------------------------------------*/
  59:Src/stm32f1xx_it.c **** /* USER CODE BEGIN PV */
  60:Src/stm32f1xx_it.c **** 
  61:Src/stm32f1xx_it.c **** /* USER CODE END PV */
  62:Src/stm32f1xx_it.c **** 
  63:Src/stm32f1xx_it.c **** /* Private function prototypes -----------------------------------------------*/
  64:Src/stm32f1xx_it.c **** /* USER CODE BEGIN PFP */
  65:Src/stm32f1xx_it.c **** 
  66:Src/stm32f1xx_it.c **** /* USER CODE END PFP */
  67:Src/stm32f1xx_it.c **** 
  68:Src/stm32f1xx_it.c **** /* Private user code ---------------------------------------------------------*/
  69:Src/stm32f1xx_it.c **** /* USER CODE BEGIN 0 */
  70:Src/stm32f1xx_it.c **** 
  71:Src/stm32f1xx_it.c **** /* USER CODE END 0 */
  72:Src/stm32f1xx_it.c **** 
  73:Src/stm32f1xx_it.c **** /* External variables --------------------------------------------------------*/
  74:Src/stm32f1xx_it.c **** /* USER CODE BEGIN EV */
  75:Src/stm32f1xx_it.c **** 
  76:Src/stm32f1xx_it.c **** /* USER CODE END EV */
  77:Src/stm32f1xx_it.c **** 
  78:Src/stm32f1xx_it.c **** /******************************************************************************/
  79:Src/stm32f1xx_it.c **** /*           Cortex-M3 Processor Interruption and Exception Handlers          */ 
  80:Src/stm32f1xx_it.c **** /******************************************************************************/
  81:Src/stm32f1xx_it.c **** /**
  82:Src/stm32f1xx_it.c ****   * @brief This function handles Non maskable interrupt.
  83:Src/stm32f1xx_it.c ****   */
  84:Src/stm32f1xx_it.c **** void NMI_Handler(void)
  85:Src/stm32f1xx_it.c **** {
  27              		.loc 1 85 1 view -0
  28              		.cfi_startproc
  29              		@ args = 0, pretend = 0, frame = 0
  30              		@ frame_needed = 0, uses_anonymous_args = 0
ARM GAS  /tmp/ccCGXrbD.s 			page 3


  31              		@ link register save eliminated.
  86:Src/stm32f1xx_it.c ****   /* USER CODE BEGIN NonMaskableInt_IRQn 0 */
  87:Src/stm32f1xx_it.c **** 
  88:Src/stm32f1xx_it.c ****   /* USER CODE END NonMaskableInt_IRQn 0 */
  89:Src/stm32f1xx_it.c ****   /* USER CODE BEGIN NonMaskableInt_IRQn 1 */
  90:Src/stm32f1xx_it.c **** 
  91:Src/stm32f1xx_it.c ****   /* USER CODE END NonMaskableInt_IRQn 1 */
  92:Src/stm32f1xx_it.c **** }
  32              		.loc 1 92 1 view .LVU1
  33 0000 7047     		bx	lr
  34              		.cfi_endproc
  35              	.LFE66:
  37              		.section	.text.HardFault_Handler,"ax",%progbits
  38              		.align	1
  39              		.global	HardFault_Handler
  40              		.syntax unified
  41              		.thumb
  42              		.thumb_func
  43              		.fpu softvfp
  45              	HardFault_Handler:
  46              	.LFB67:
  93:Src/stm32f1xx_it.c **** 
  94:Src/stm32f1xx_it.c **** /**
  95:Src/stm32f1xx_it.c ****   * @brief This function handles Hard fault interrupt.
  96:Src/stm32f1xx_it.c ****   */
  97:Src/stm32f1xx_it.c **** void HardFault_Handler(void)
  98:Src/stm32f1xx_it.c **** {
  47              		.loc 1 98 1 view -0
  48              		.cfi_startproc
  49              		@ Volatile: function does not return.
  50              		@ args = 0, pretend = 0, frame = 0
  51              		@ frame_needed = 0, uses_anonymous_args = 0
  52              		@ link register save eliminated.
  53              	.L3:
  99:Src/stm32f1xx_it.c ****   /* USER CODE BEGIN HardFault_IRQn 0 */
 100:Src/stm32f1xx_it.c **** 
 101:Src/stm32f1xx_it.c ****   /* USER CODE END HardFault_IRQn 0 */
 102:Src/stm32f1xx_it.c ****   while (1)
  54              		.loc 1 102 3 discriminator 1 view .LVU3
 103:Src/stm32f1xx_it.c ****   {
 104:Src/stm32f1xx_it.c ****     /* USER CODE BEGIN W1_HardFault_IRQn 0 */
 105:Src/stm32f1xx_it.c ****     /* USER CODE END W1_HardFault_IRQn 0 */
 106:Src/stm32f1xx_it.c ****   }
  55              		.loc 1 106 3 discriminator 1 view .LVU4
  56 0000 FEE7     		b	.L3
  57              		.cfi_endproc
  58              	.LFE67:
  60              		.section	.text.MemManage_Handler,"ax",%progbits
  61              		.align	1
  62              		.global	MemManage_Handler
  63              		.syntax unified
  64              		.thumb
  65              		.thumb_func
  66              		.fpu softvfp
  68              	MemManage_Handler:
  69              	.LFB68:
 107:Src/stm32f1xx_it.c **** }
ARM GAS  /tmp/ccCGXrbD.s 			page 4


 108:Src/stm32f1xx_it.c **** 
 109:Src/stm32f1xx_it.c **** /**
 110:Src/stm32f1xx_it.c ****   * @brief This function handles Memory management fault.
 111:Src/stm32f1xx_it.c ****   */
 112:Src/stm32f1xx_it.c **** void MemManage_Handler(void)
 113:Src/stm32f1xx_it.c **** {
  70              		.loc 1 113 1 view -0
  71              		.cfi_startproc
  72              		@ Volatile: function does not return.
  73              		@ args = 0, pretend = 0, frame = 0
  74              		@ frame_needed = 0, uses_anonymous_args = 0
  75              		@ link register save eliminated.
  76              	.L5:
 114:Src/stm32f1xx_it.c ****   /* USER CODE BEGIN MemoryManagement_IRQn 0 */
 115:Src/stm32f1xx_it.c **** 
 116:Src/stm32f1xx_it.c ****   /* USER CODE END MemoryManagement_IRQn 0 */
 117:Src/stm32f1xx_it.c ****   while (1)
  77              		.loc 1 117 3 discriminator 1 view .LVU6
 118:Src/stm32f1xx_it.c ****   {
 119:Src/stm32f1xx_it.c ****     /* USER CODE BEGIN W1_MemoryManagement_IRQn 0 */
 120:Src/stm32f1xx_it.c ****     /* USER CODE END W1_MemoryManagement_IRQn 0 */
 121:Src/stm32f1xx_it.c ****   }
  78              		.loc 1 121 3 discriminator 1 view .LVU7
  79 0000 FEE7     		b	.L5
  80              		.cfi_endproc
  81              	.LFE68:
  83              		.section	.text.BusFault_Handler,"ax",%progbits
  84              		.align	1
  85              		.global	BusFault_Handler
  86              		.syntax unified
  87              		.thumb
  88              		.thumb_func
  89              		.fpu softvfp
  91              	BusFault_Handler:
  92              	.LFB69:
 122:Src/stm32f1xx_it.c **** }
 123:Src/stm32f1xx_it.c **** 
 124:Src/stm32f1xx_it.c **** /**
 125:Src/stm32f1xx_it.c ****   * @brief This function handles Prefetch fault, memory access fault.
 126:Src/stm32f1xx_it.c ****   */
 127:Src/stm32f1xx_it.c **** void BusFault_Handler(void)
 128:Src/stm32f1xx_it.c **** {
  93              		.loc 1 128 1 view -0
  94              		.cfi_startproc
  95              		@ Volatile: function does not return.
  96              		@ args = 0, pretend = 0, frame = 0
  97              		@ frame_needed = 0, uses_anonymous_args = 0
  98              		@ link register save eliminated.
  99              	.L7:
 129:Src/stm32f1xx_it.c ****   /* USER CODE BEGIN BusFault_IRQn 0 */
 130:Src/stm32f1xx_it.c **** 
 131:Src/stm32f1xx_it.c ****   /* USER CODE END BusFault_IRQn 0 */
 132:Src/stm32f1xx_it.c ****   while (1)
 100              		.loc 1 132 3 discriminator 1 view .LVU9
 133:Src/stm32f1xx_it.c ****   {
 134:Src/stm32f1xx_it.c ****     /* USER CODE BEGIN W1_BusFault_IRQn 0 */
 135:Src/stm32f1xx_it.c ****     /* USER CODE END W1_BusFault_IRQn 0 */
ARM GAS  /tmp/ccCGXrbD.s 			page 5


 136:Src/stm32f1xx_it.c ****   }
 101              		.loc 1 136 3 discriminator 1 view .LVU10
 102 0000 FEE7     		b	.L7
 103              		.cfi_endproc
 104              	.LFE69:
 106              		.section	.text.UsageFault_Handler,"ax",%progbits
 107              		.align	1
 108              		.global	UsageFault_Handler
 109              		.syntax unified
 110              		.thumb
 111              		.thumb_func
 112              		.fpu softvfp
 114              	UsageFault_Handler:
 115              	.LFB70:
 137:Src/stm32f1xx_it.c **** }
 138:Src/stm32f1xx_it.c **** 
 139:Src/stm32f1xx_it.c **** /**
 140:Src/stm32f1xx_it.c ****   * @brief This function handles Undefined instruction or illegal state.
 141:Src/stm32f1xx_it.c ****   */
 142:Src/stm32f1xx_it.c **** void UsageFault_Handler(void)
 143:Src/stm32f1xx_it.c **** {
 116              		.loc 1 143 1 view -0
 117              		.cfi_startproc
 118              		@ Volatile: function does not return.
 119              		@ args = 0, pretend = 0, frame = 0
 120              		@ frame_needed = 0, uses_anonymous_args = 0
 121              		@ link register save eliminated.
 122              	.L9:
 144:Src/stm32f1xx_it.c ****   /* USER CODE BEGIN UsageFault_IRQn 0 */
 145:Src/stm32f1xx_it.c **** 
 146:Src/stm32f1xx_it.c ****   /* USER CODE END UsageFault_IRQn 0 */
 147:Src/stm32f1xx_it.c ****   while (1)
 123              		.loc 1 147 3 discriminator 1 view .LVU12
 148:Src/stm32f1xx_it.c ****   {
 149:Src/stm32f1xx_it.c ****     /* USER CODE BEGIN W1_UsageFault_IRQn 0 */
 150:Src/stm32f1xx_it.c ****     /* USER CODE END W1_UsageFault_IRQn 0 */
 151:Src/stm32f1xx_it.c ****   }
 124              		.loc 1 151 3 discriminator 1 view .LVU13
 125 0000 FEE7     		b	.L9
 126              		.cfi_endproc
 127              	.LFE70:
 129              		.section	.text.SVC_Handler,"ax",%progbits
 130              		.align	1
 131              		.global	SVC_Handler
 132              		.syntax unified
 133              		.thumb
 134              		.thumb_func
 135              		.fpu softvfp
 137              	SVC_Handler:
 138              	.LFB71:
 152:Src/stm32f1xx_it.c **** }
 153:Src/stm32f1xx_it.c **** 
 154:Src/stm32f1xx_it.c **** /**
 155:Src/stm32f1xx_it.c ****   * @brief This function handles System service call via SWI instruction.
 156:Src/stm32f1xx_it.c ****   */
 157:Src/stm32f1xx_it.c **** void SVC_Handler(void)
 158:Src/stm32f1xx_it.c **** {
ARM GAS  /tmp/ccCGXrbD.s 			page 6


 139              		.loc 1 158 1 view -0
 140              		.cfi_startproc
 141              		@ args = 0, pretend = 0, frame = 0
 142              		@ frame_needed = 0, uses_anonymous_args = 0
 143              		@ link register save eliminated.
 159:Src/stm32f1xx_it.c ****   /* USER CODE BEGIN SVCall_IRQn 0 */
 160:Src/stm32f1xx_it.c **** 
 161:Src/stm32f1xx_it.c ****   /* USER CODE END SVCall_IRQn 0 */
 162:Src/stm32f1xx_it.c ****   /* USER CODE BEGIN SVCall_IRQn 1 */
 163:Src/stm32f1xx_it.c **** 
 164:Src/stm32f1xx_it.c ****   /* USER CODE END SVCall_IRQn 1 */
 165:Src/stm32f1xx_it.c **** }
 144              		.loc 1 165 1 view .LVU15
 145 0000 7047     		bx	lr
 146              		.cfi_endproc
 147              	.LFE71:
 149              		.section	.text.DebugMon_Handler,"ax",%progbits
 150              		.align	1
 151              		.global	DebugMon_Handler
 152              		.syntax unified
 153              		.thumb
 154              		.thumb_func
 155              		.fpu softvfp
 157              	DebugMon_Handler:
 158              	.LFB72:
 166:Src/stm32f1xx_it.c **** 
 167:Src/stm32f1xx_it.c **** /**
 168:Src/stm32f1xx_it.c ****   * @brief This function handles Debug monitor.
 169:Src/stm32f1xx_it.c ****   */
 170:Src/stm32f1xx_it.c **** void DebugMon_Handler(void)
 171:Src/stm32f1xx_it.c **** {
 159              		.loc 1 171 1 view -0
 160              		.cfi_startproc
 161              		@ args = 0, pretend = 0, frame = 0
 162              		@ frame_needed = 0, uses_anonymous_args = 0
 163              		@ link register save eliminated.
 172:Src/stm32f1xx_it.c ****   /* USER CODE BEGIN DebugMonitor_IRQn 0 */
 173:Src/stm32f1xx_it.c **** 
 174:Src/stm32f1xx_it.c ****   /* USER CODE END DebugMonitor_IRQn 0 */
 175:Src/stm32f1xx_it.c ****   /* USER CODE BEGIN DebugMonitor_IRQn 1 */
 176:Src/stm32f1xx_it.c **** 
 177:Src/stm32f1xx_it.c ****   /* USER CODE END DebugMonitor_IRQn 1 */
 178:Src/stm32f1xx_it.c **** }
 164              		.loc 1 178 1 view .LVU17
 165 0000 7047     		bx	lr
 166              		.cfi_endproc
 167              	.LFE72:
 169              		.section	.text.PendSV_Handler,"ax",%progbits
 170              		.align	1
 171              		.global	PendSV_Handler
 172              		.syntax unified
 173              		.thumb
 174              		.thumb_func
 175              		.fpu softvfp
 177              	PendSV_Handler:
 178              	.LFB73:
 179:Src/stm32f1xx_it.c **** 
ARM GAS  /tmp/ccCGXrbD.s 			page 7


 180:Src/stm32f1xx_it.c **** /**
 181:Src/stm32f1xx_it.c ****   * @brief This function handles Pendable request for system service.
 182:Src/stm32f1xx_it.c ****   */
 183:Src/stm32f1xx_it.c **** void PendSV_Handler(void)
 184:Src/stm32f1xx_it.c **** {
 179              		.loc 1 184 1 view -0
 180              		.cfi_startproc
 181              		@ args = 0, pretend = 0, frame = 0
 182              		@ frame_needed = 0, uses_anonymous_args = 0
 183              		@ link register save eliminated.
 185:Src/stm32f1xx_it.c ****   /* USER CODE BEGIN PendSV_IRQn 0 */
 186:Src/stm32f1xx_it.c **** 
 187:Src/stm32f1xx_it.c ****   /* USER CODE END PendSV_IRQn 0 */
 188:Src/stm32f1xx_it.c ****   /* USER CODE BEGIN PendSV_IRQn 1 */
 189:Src/stm32f1xx_it.c **** 
 190:Src/stm32f1xx_it.c ****   /* USER CODE END PendSV_IRQn 1 */
 191:Src/stm32f1xx_it.c **** }
 184              		.loc 1 191 1 view .LVU19
 185 0000 7047     		bx	lr
 186              		.cfi_endproc
 187              	.LFE73:
 189              		.section	.text.SysTick_Handler,"ax",%progbits
 190              		.align	1
 191              		.global	SysTick_Handler
 192              		.syntax unified
 193              		.thumb
 194              		.thumb_func
 195              		.fpu softvfp
 197              	SysTick_Handler:
 198              	.LFB74:
 192:Src/stm32f1xx_it.c **** 
 193:Src/stm32f1xx_it.c **** /**
 194:Src/stm32f1xx_it.c ****   * @brief This function handles System tick timer.
 195:Src/stm32f1xx_it.c ****   */
 196:Src/stm32f1xx_it.c **** void SysTick_Handler(void)
 197:Src/stm32f1xx_it.c **** {
 199              		.loc 1 197 1 view -0
 200              		.cfi_startproc
 201              		@ args = 0, pretend = 0, frame = 0
 202              		@ frame_needed = 0, uses_anonymous_args = 0
 203 0000 08B5     		push	{r3, lr}
 204              	.LCFI0:
 205              		.cfi_def_cfa_offset 8
 206              		.cfi_offset 3, -8
 207              		.cfi_offset 14, -4
 198:Src/stm32f1xx_it.c ****   /* USER CODE BEGIN SysTick_IRQn 0 */
 199:Src/stm32f1xx_it.c **** 
 200:Src/stm32f1xx_it.c ****   /* USER CODE END SysTick_IRQn 0 */
 201:Src/stm32f1xx_it.c ****   HAL_IncTick();
 208              		.loc 1 201 3 view .LVU21
 209 0002 FFF7FEFF 		bl	HAL_IncTick
 210              	.LVL0:
 202:Src/stm32f1xx_it.c ****   /* USER CODE BEGIN SysTick_IRQn 1 */
 203:Src/stm32f1xx_it.c **** 
 204:Src/stm32f1xx_it.c ****   /* USER CODE END SysTick_IRQn 1 */
 205:Src/stm32f1xx_it.c **** }
 211              		.loc 1 205 1 is_stmt 0 view .LVU22
ARM GAS  /tmp/ccCGXrbD.s 			page 8


 212 0006 08BD     		pop	{r3, pc}
 213              		.cfi_endproc
 214              	.LFE74:
 216              		.text
 217              	.Letext0:
 218              		.file 2 "/usr/arm-none-eabi/include/machine/_default_types.h"
 219              		.file 3 "/usr/arm-none-eabi/include/sys/_stdint.h"
 220              		.file 4 "Drivers/CMSIS/Include/core_cm3.h"
 221              		.file 5 "Drivers/CMSIS/Device/ST/STM32F1xx/Include/system_stm32f1xx.h"
 222              		.file 6 "/usr/arm-none-eabi/include/sys/lock.h"
 223              		.file 7 "/usr/arm-none-eabi/include/sys/_types.h"
 224              		.file 8 "/usr/lib/gcc/arm-none-eabi/8.2.0/include/stddef.h"
 225              		.file 9 "/usr/arm-none-eabi/include/sys/reent.h"
 226              		.file 10 "Drivers/STM32F1xx_HAL_Driver/Inc/stm32f1xx_hal.h"
ARM GAS  /tmp/ccCGXrbD.s 			page 9


DEFINED SYMBOLS
                            *ABS*:0000000000000000 stm32f1xx_it.c
     /tmp/ccCGXrbD.s:16     .text.NMI_Handler:0000000000000000 $t
     /tmp/ccCGXrbD.s:24     .text.NMI_Handler:0000000000000000 NMI_Handler
     /tmp/ccCGXrbD.s:38     .text.HardFault_Handler:0000000000000000 $t
     /tmp/ccCGXrbD.s:45     .text.HardFault_Handler:0000000000000000 HardFault_Handler
     /tmp/ccCGXrbD.s:61     .text.MemManage_Handler:0000000000000000 $t
     /tmp/ccCGXrbD.s:68     .text.MemManage_Handler:0000000000000000 MemManage_Handler
     /tmp/ccCGXrbD.s:84     .text.BusFault_Handler:0000000000000000 $t
     /tmp/ccCGXrbD.s:91     .text.BusFault_Handler:0000000000000000 BusFault_Handler
     /tmp/ccCGXrbD.s:107    .text.UsageFault_Handler:0000000000000000 $t
     /tmp/ccCGXrbD.s:114    .text.UsageFault_Handler:0000000000000000 UsageFault_Handler
     /tmp/ccCGXrbD.s:130    .text.SVC_Handler:0000000000000000 $t
     /tmp/ccCGXrbD.s:137    .text.SVC_Handler:0000000000000000 SVC_Handler
     /tmp/ccCGXrbD.s:150    .text.DebugMon_Handler:0000000000000000 $t
     /tmp/ccCGXrbD.s:157    .text.DebugMon_Handler:0000000000000000 DebugMon_Handler
     /tmp/ccCGXrbD.s:170    .text.PendSV_Handler:0000000000000000 $t
     /tmp/ccCGXrbD.s:177    .text.PendSV_Handler:0000000000000000 PendSV_Handler
     /tmp/ccCGXrbD.s:190    .text.SysTick_Handler:0000000000000000 $t
     /tmp/ccCGXrbD.s:197    .text.SysTick_Handler:0000000000000000 SysTick_Handler

UNDEFINED SYMBOLS
HAL_IncTick
