18:29:42 **** Clean-only build of configuration Debug for project Nixie_firmware ****
make clean 
make: *** No rule to make target 'clean'.  Stop.
18:29:44 **** Incremental Build of configuration Debug for project Nixie_firmware ****
make all 
Building file: ../startup/startup_stm32f429xx.s
Invoking: MCU GCC Assembler
/home/alxhoff/git/Embedded/stm32_nixie_clock_firmware/Nixie_firmware/Debug
arm-none-eabi-as -mcpu=cortex-m4 -mthumb -mfloat-abi=hard -mfpu=fpv4-sp-d16 -g -o "startup/startup_stm32f429xx.o" "../startup/startup_stm32f429xx.s"
Finished building: ../startup/startup_stm32f429xx.s
 
Building file: ../Src/buttons.c
Invoking: MCU GCC Compiler
/home/alxhoff/git/Embedded/stm32_nixie_clock_firmware/Nixie_firmware/Debug
arm-none-eabi-gcc -mcpu=cortex-m4 -mthumb -mfloat-abi=hard -mfpu=fpv4-sp-d16 '-D__weak=__attribute__((weak))' '-D__packed="__attribute__((__packed__))"' -DUSE_HAL_DRIVER -DSTM32F429xx -I"/home/alxhoff/git/Embedded/stm32_nixie_clock_firmware/Nixie_firmware/Inc" -I"/home/alxhoff/git/Embedded/stm32_nixie_clock_firmware/Nixie_firmware/Drivers/STM32F4xx_HAL_Driver/Inc" -I"/home/alxhoff/git/Embedded/stm32_nixie_clock_firmware/Nixie_firmware/Drivers/STM32F4xx_HAL_Driver/Inc/Legacy" -I"/home/alxhoff/git/Embedded/stm32_nixie_clock_firmware/Nixie_firmware/Drivers/CMSIS/Device/ST/STM32F4xx/Include" -I"/home/alxhoff/git/Embedded/stm32_nixie_clock_firmware/Nixie_firmware/Drivers/CMSIS/Include" -I"/home/alxhoff/git/Embedded/stm32_nixie_clock_firmware/Nixie_firmware/Inc" -I"/home/alxhoff/git/Embedded/stm32_nixie_clock_firmware/Nixie_firmware/Middlewares/Third_Party/FreeRTOS/Source/portable/GCC/ARM_CM4F" -I"/home/alxhoff/git/Embedded/stm32_nixie_clock_firmware/Nixie_firmware/Middlewares/Third_Party/FreeRTOS/Source/include" -I"/home/alxhoff/git/Embedded/stm32_nixie_clock_firmware/Nixie_firmware/Middlewares/Third_Party/FreeRTOS/Source/CMSIS_RTOS"  -Og -g3 -Wall -fmessage-length=0 -ffunction-sections -c -fmessage-length=0 -MMD -MP -MF"Src/buttons.d" -MT"Src/buttons.o" -o "Src/buttons.o" "../Src/buttons.c"
../Src/buttons.c: In function 'ButtonListenerTask':
../Src/buttons.c:146:10: warning: implicit declaration of function 'DS3231_get_alarm' [-Wimplicit-function-declaration]
          DS3231_get_alarm(&hi2c2, &set_alarm, ALARM_ONE);
          ^~~~~~~~~~~~~~~~
../Src/buttons.c:167:10: warning: implicit declaration of function 'DS3231_set_alarm' [-Wimplicit-function-declaration]
          DS3231_set_alarm(&hi2c2, &set_alarm, ALARM_ONE);
          ^~~~~~~~~~~~~~~~
In file included from /home/alxhoff/git/Embedded/stm32_nixie_clock_firmware/Nixie_firmware/Inc/render.h:11:0,
                 from ../Src/buttons.c:9:
../Src/buttons.c: At top level:
/home/alxhoff/git/Embedded/stm32_nixie_clock_firmware/Nixie_firmware/Inc/ssd1306.h:62:13: warning: 'ssd1306_WriteCommand' declared 'static' but never defined [-Wunused-function]
 static void ssd1306_WriteCommand(uint8_t command);
             ^~~~~~~~~~~~~~~~~~~~
Finished building: ../Src/buttons.c
 
Building file: ../Src/draw.c
Invoking: MCU GCC Compiler
/home/alxhoff/git/Embedded/stm32_nixie_clock_firmware/Nixie_firmware/Debug
arm-none-eabi-gcc -mcpu=cortex-m4 -mthumb -mfloat-abi=hard -mfpu=fpv4-sp-d16 '-D__weak=__attribute__((weak))' '-D__packed="__attribute__((__packed__))"' -DUSE_HAL_DRIVER -DSTM32F429xx -I"/home/alxhoff/git/Embedded/stm32_nixie_clock_firmware/Nixie_firmware/Inc" -I"/home/alxhoff/git/Embedded/stm32_nixie_clock_firmware/Nixie_firmware/Drivers/STM32F4xx_HAL_Driver/Inc" -I"/home/alxhoff/git/Embedded/stm32_nixie_clock_firmware/Nixie_firmware/Drivers/STM32F4xx_HAL_Driver/Inc/Legacy" -I"/home/alxhoff/git/Embedded/stm32_nixie_clock_firmware/Nixie_firmware/Drivers/CMSIS/Device/ST/STM32F4xx/Include" -I"/home/alxhoff/git/Embedded/stm32_nixie_clock_firmware/Nixie_firmware/Drivers/CMSIS/Include" -I"/home/alxhoff/git/Embedded/stm32_nixie_clock_firmware/Nixie_firmware/Inc" -I"/home/alxhoff/git/Embedded/stm32_nixie_clock_firmware/Nixie_firmware/Middlewares/Third_Party/FreeRTOS/Source/portable/GCC/ARM_CM4F" -I"/home/alxhoff/git/Embedded/stm32_nixie_clock_firmware/Nixie_firmware/Middlewares/Third_Party/FreeRTOS/Source/include" -I"/home/alxhoff/git/Embedded/stm32_nixie_clock_firmware/Nixie_firmware/Middlewares/Third_Party/FreeRTOS/Source/CMSIS_RTOS"  -Og -g3 -Wall -fmessage-length=0 -ffunction-sections -c -fmessage-length=0 -MMD -MP -MF"Src/draw.d" -MT"Src/draw.o" -o "Src/draw.o" "../Src/draw.c"
../Src/draw.c: In function 'draw_disp_alarm1_state':
../Src/draw.c:24:2: warning: implicit declaration of function 'DS3231_get_alarm' [-Wimplicit-function-declaration]
  DS3231_get_alarm(&hi2c2, alarm, ALARM_ONE);
  ^~~~~~~~~~~~~~~~
../Src/draw.c: In function 'draw_set_states':
../Src/draw.c:39:15: warning: unused variable 'time' [-Wunused-variable]
   ds3231Time* time = (ds3231Time*)timeStruct;
               ^~~~
../Src/draw.c:48:16: warning: unused variable 'time' [-Wunused-variable]
   ds3231Alarm* time = (ds3231Alarm*)timeStruct;
                ^~~~
../Src/draw.c:57:16: warning: unused variable 'time' [-Wunused-variable]
   ds3231Alarm* time = (ds3231Alarm*)timeStruct;
                ^~~~
../Src/draw.c: In function 'draw_month':
../Src/draw.c:203:4: warning: implicit declaration of function 'strcpy' [-Wimplicit-function-declaration]
    strcpy(month_str, "JAN");
    ^~~~~~
../Src/draw.c:203:4: warning: incompatible implicit declaration of built-in function 'strcpy'
../Src/draw.c:203:4: note: include '<string.h>' or provide a declaration of 'strcpy'
../Src/draw.c:201:2: warning: enumeration value 'EMPTY_MONTH' not handled in switch [-Wswitch]
  switch(month){
  ^~~~~~
../Src/draw.c: In function 'draw_day':
../Src/draw.c:249:4: warning: incompatible implicit declaration of built-in function 'strcpy'
    strcpy(day_str, "MON");
    ^~~~~~
../Src/draw.c:249:4: note: include '<string.h>' or provide a declaration of 'strcpy'
In file included from /home/alxhoff/git/Embedded/stm32_nixie_clock_firmware/Nixie_firmware/Inc/render.h:11:0,
                 from /home/alxhoff/git/Embedded/stm32_nixie_clock_firmware/Nixie_firmware/Inc/draw.h:11,
                 from ../Src/draw.c:8:
../Src/draw.c: At top level:
/home/alxhoff/git/Embedded/stm32_nixie_clock_firmware/Nixie_firmware/Inc/ssd1306.h:62:13: warning: 'ssd1306_WriteCommand' declared 'static' but never defined [-Wunused-function]
 static void ssd1306_WriteCommand(uint8_t command);
             ^~~~~~~~~~~~~~~~~~~~
Finished building: ../Src/draw.c
 
Building file: ../Src/ds3231_stm32_alex.c
Invoking: MCU GCC Compiler
/home/alxhoff/git/Embedded/stm32_nixie_clock_firmware/Nixie_firmware/Debug
arm-none-eabi-gcc -mcpu=cortex-m4 -mthumb -mfloat-abi=hard -mfpu=fpv4-sp-d16 '-D__weak=__attribute__((weak))' '-D__packed="__attribute__((__packed__))"' -DUSE_HAL_DRIVER -DSTM32F429xx -I"/home/alxhoff/git/Embedded/stm32_nixie_clock_firmware/Nixie_firmware/Inc" -I"/home/alxhoff/git/Embedded/stm32_nixie_clock_firmware/Nixie_firmware/Drivers/STM32F4xx_HAL_Driver/Inc" -I"/home/alxhoff/git/Embedded/stm32_nixie_clock_firmware/Nixie_firmware/Drivers/STM32F4xx_HAL_Driver/Inc/Legacy" -I"/home/alxhoff/git/Embedded/stm32_nixie_clock_firmware/Nixie_firmware/Drivers/CMSIS/Device/ST/STM32F4xx/Include" -I"/home/alxhoff/git/Embedded/stm32_nixie_clock_firmware/Nixie_firmware/Drivers/CMSIS/Include" -I"/home/alxhoff/git/Embedded/stm32_nixie_clock_firmware/Nixie_firmware/Inc" -I"/home/alxhoff/git/Embedded/stm32_nixie_clock_firmware/Nixie_firmware/Middlewares/Third_Party/FreeRTOS/Source/portable/GCC/ARM_CM4F" -I"/home/alxhoff/git/Embedded/stm32_nixie_clock_firmware/Nixie_firmware/Middlewares/Third_Party/FreeRTOS/Source/include" -I"/home/alxhoff/git/Embedded/stm32_nixie_clock_firmware/Nixie_firmware/Middlewares/Third_Party/FreeRTOS/Source/CMSIS_RTOS"  -Og -g3 -Wall -fmessage-length=0 -ffunction-sections -c -fmessage-length=0 -MMD -MP -MF"Src/ds3231_stm32_alex.d" -MT"Src/ds3231_stm32_alex.o" -o "Src/ds3231_stm32_alex.o" "../Src/ds3231_stm32_alex.c"
../Src/ds3231_stm32_alex.c: In function 'DS3231_set_time_short':
../Src/ds3231_stm32_alex.c:43:49: warning: passing argument 5 of 'HAL_I2C_Mem_Write' from incompatible pointer type [-Wincompatible-pointer-types]
  HAL_I2C_Mem_Write(hi2c, DS3231_ADDR8, 0x00, 1, &write_buffer, 3, 10);
                                                 ^
In file included from /home/alxhoff/git/Embedded/stm32_nixie_clock_firmware/Nixie_firmware/Inc/stm32f4xx_hal_conf.h:320:0,
                 from /home/alxhoff/git/Embedded/stm32_nixie_clock_firmware/Nixie_firmware/Drivers/STM32F4xx_HAL_Driver/Inc/stm32f4xx_hal.h:48,
                 from /home/alxhoff/git/Embedded/stm32_nixie_clock_firmware/Nixie_firmware/Inc/ds3231_stm32_alex.h:9,
                 from /home/alxhoff/git/Embedded/stm32_nixie_clock_firmware/Nixie_firmware/Inc/externs.h:12,
                 from /home/alxhoff/git/Embedded/stm32_nixie_clock_firmware/Nixie_firmware/Inc/ds3231_stm32_alex.h:8,
                 from ../Src/ds3231_stm32_alex.c:8:
/home/alxhoff/git/Embedded/stm32_nixie_clock_firmware/Nixie_firmware/Drivers/STM32F4xx_HAL_Driver/Inc/stm32f4xx_hal_i2c.h:503:19: note: expected 'uint8_t * {aka unsigned char *}' but argument is of type 'uint8_t (*)[3] {aka unsigned char (*)[3]}'
 HAL_StatusTypeDef HAL_I2C_Mem_Write(I2C_HandleTypeDef *hi2c, uint16_t DevAddress, uint16_t MemAddress, uint16_t MemAddSize, uint8_t *pData, uint16_t Size, uint32_t Timeout);
                   ^~~~~~~~~~~~~~~~~
../Src/ds3231_stm32_alex.c: In function 'DS3231_get_time_short':
../Src/ds3231_stm32_alex.c:50:48: warning: passing argument 5 of 'HAL_I2C_Mem_Read' from incompatible pointer type [-Wincompatible-pointer-types]
  HAL_I2C_Mem_Read(hi2c, DS3231_ADDR8, 0x00, 1, &read_buffer, 3, 10);
                                                ^
In file included from /home/alxhoff/git/Embedded/stm32_nixie_clock_firmware/Nixie_firmware/Inc/stm32f4xx_hal_conf.h:320:0,
                 from /home/alxhoff/git/Embedded/stm32_nixie_clock_firmware/Nixie_firmware/Drivers/STM32F4xx_HAL_Driver/Inc/stm32f4xx_hal.h:48,
                 from /home/alxhoff/git/Embedded/stm32_nixie_clock_firmware/Nixie_firmware/Inc/ds3231_stm32_alex.h:9,
                 from /home/alxhoff/git/Embedded/stm32_nixie_clock_firmware/Nixie_firmware/Inc/externs.h:12,
                 from /home/alxhoff/git/Embedded/stm32_nixie_clock_firmware/Nixie_firmware/Inc/ds3231_stm32_alex.h:8,
                 from ../Src/ds3231_stm32_alex.c:8:
/home/alxhoff/git/Embedded/stm32_nixie_clock_firmware/Nixie_firmware/Drivers/STM32F4xx_HAL_Driver/Inc/stm32f4xx_hal_i2c.h:504:19: note: expected 'uint8_t * {aka unsigned char *}' but argument is of type 'uint8_t (*)[3] {aka unsigned char (*)[3]}'
 HAL_StatusTypeDef HAL_I2C_Mem_Read(I2C_HandleTypeDef *hi2c, uint16_t DevAddress, uint16_t MemAddress, uint16_t MemAddSize, uint8_t *pData, uint16_t Size, uint32_t Timeout);
                   ^~~~~~~~~~~~~~~~
../Src/ds3231_stm32_alex.c: In function 'DS3231_set_date_short':
../Src/ds3231_stm32_alex.c:92:49: warning: passing argument 5 of 'HAL_I2C_Mem_Write' from incompatible pointer type [-Wincompatible-pointer-types]
  HAL_I2C_Mem_Write(hi2c, DS3231_ADDR8, 0x03, 1, &write_buffer, 4, 10);
                                                 ^
In file included from /home/alxhoff/git/Embedded/stm32_nixie_clock_firmware/Nixie_firmware/Inc/stm32f4xx_hal_conf.h:320:0,
                 from /home/alxhoff/git/Embedded/stm32_nixie_clock_firmware/Nixie_firmware/Drivers/STM32F4xx_HAL_Driver/Inc/stm32f4xx_hal.h:48,
                 from /home/alxhoff/git/Embedded/stm32_nixie_clock_firmware/Nixie_firmware/Inc/ds3231_stm32_alex.h:9,
                 from /home/alxhoff/git/Embedded/stm32_nixie_clock_firmware/Nixie_firmware/Inc/externs.h:12,
                 from /home/alxhoff/git/Embedded/stm32_nixie_clock_firmware/Nixie_firmware/Inc/ds3231_stm32_alex.h:8,
                 from ../Src/ds3231_stm32_alex.c:8:
/home/alxhoff/git/Embedded/stm32_nixie_clock_firmware/Nixie_firmware/Drivers/STM32F4xx_HAL_Driver/Inc/stm32f4xx_hal_i2c.h:503:19: note: expected 'uint8_t * {aka unsigned char *}' but argument is of type 'uint8_t (*)[4] {aka unsigned char (*)[4]}'
 HAL_StatusTypeDef HAL_I2C_Mem_Write(I2C_HandleTypeDef *hi2c, uint16_t DevAddress, uint16_t MemAddress, uint16_t MemAddSize, uint8_t *pData, uint16_t Size, uint32_t Timeout);
                   ^~~~~~~~~~~~~~~~~
../Src/ds3231_stm32_alex.c: In function 'DS3231_get_date_short':
../Src/ds3231_stm32_alex.c:99:48: warning: passing argument 5 of 'HAL_I2C_Mem_Read' from incompatible pointer type [-Wincompatible-pointer-types]
  HAL_I2C_Mem_Read(hi2c, DS3231_ADDR8, 0x03, 1, &read_buffer, 4, 10);
                                                ^
In file included from /home/alxhoff/git/Embedded/stm32_nixie_clock_firmware/Nixie_firmware/Inc/stm32f4xx_hal_conf.h:320:0,
                 from /home/alxhoff/git/Embedded/stm32_nixie_clock_firmware/Nixie_firmware/Drivers/STM32F4xx_HAL_Driver/Inc/stm32f4xx_hal.h:48,
                 from /home/alxhoff/git/Embedded/stm32_nixie_clock_firmware/Nixie_firmware/Inc/ds3231_stm32_alex.h:9,
                 from /home/alxhoff/git/Embedded/stm32_nixie_clock_firmware/Nixie_firmware/Inc/externs.h:12,
                 from /home/alxhoff/git/Embedded/stm32_nixie_clock_firmware/Nixie_firmware/Inc/ds3231_stm32_alex.h:8,
                 from ../Src/ds3231_stm32_alex.c:8:
/home/alxhoff/git/Embedded/stm32_nixie_clock_firmware/Nixie_firmware/Drivers/STM32F4xx_HAL_Driver/Inc/stm32f4xx_hal_i2c.h:504:19: note: expected 'uint8_t * {aka unsigned char *}' but argument is of type 'uint8_t (*)[4] {aka unsigned char (*)[4]}'
 HAL_StatusTypeDef HAL_I2C_Mem_Read(I2C_HandleTypeDef *hi2c, uint16_t DevAddress, uint16_t MemAddress, uint16_t MemAddSize, uint8_t *pData, uint16_t Size, uint32_t Timeout);
                   ^~~~~~~~~~~~~~~~
../Src/ds3231_stm32_alex.c: In function 'DS3231_set_time':
../Src/ds3231_stm32_alex.c:150:49: warning: passing argument 5 of 'HAL_I2C_Mem_Write' from incompatible pointer type [-Wincompatible-pointer-types]
  HAL_I2C_Mem_Write(hi2c, DS3231_ADDR8, 0x00, 1, &write_buffer, 7, 10);
                                                 ^
In file included from /home/alxhoff/git/Embedded/stm32_nixie_clock_firmware/Nixie_firmware/Inc/stm32f4xx_hal_conf.h:320:0,
                 from /home/alxhoff/git/Embedded/stm32_nixie_clock_firmware/Nixie_firmware/Drivers/STM32F4xx_HAL_Driver/Inc/stm32f4xx_hal.h:48,
                 from /home/alxhoff/git/Embedded/stm32_nixie_clock_firmware/Nixie_firmware/Inc/ds3231_stm32_alex.h:9,
                 from /home/alxhoff/git/Embedded/stm32_nixie_clock_firmware/Nixie_firmware/Inc/externs.h:12,
                 from /home/alxhoff/git/Embedded/stm32_nixie_clock_firmware/Nixie_firmware/Inc/ds3231_stm32_alex.h:8,
                 from ../Src/ds3231_stm32_alex.c:8:
/home/alxhoff/git/Embedded/stm32_nixie_clock_firmware/Nixie_firmware/Drivers/STM32F4xx_HAL_Driver/Inc/stm32f4xx_hal_i2c.h:503:19: note: expected 'uint8_t * {aka unsigned char *}' but argument is of type 'uint8_t (*)[7] {aka unsigned char (*)[7]}'
 HAL_StatusTypeDef HAL_I2C_Mem_Write(I2C_HandleTypeDef *hi2c, uint16_t DevAddress, uint16_t MemAddress, uint16_t MemAddSize, uint8_t *pData, uint16_t Size, uint32_t Timeout);
                   ^~~~~~~~~~~~~~~~~
../Src/ds3231_stm32_alex.c: In function 'DS3231_get_time':
../Src/ds3231_stm32_alex.c:158:48: warning: passing argument 5 of 'HAL_I2C_Mem_Read' from incompatible pointer type [-Wincompatible-pointer-types]
  HAL_I2C_Mem_Read(hi2c, DS3231_ADDR8, 0x00, 1, &read_buffer, 7, 10);
                                                ^
In file included from /home/alxhoff/git/Embedded/stm32_nixie_clock_firmware/Nixie_firmware/Inc/stm32f4xx_hal_conf.h:320:0,
                 from /home/alxhoff/git/Embedded/stm32_nixie_clock_firmware/Nixie_firmware/Drivers/STM32F4xx_HAL_Driver/Inc/stm32f4xx_hal.h:48,
                 from /home/alxhoff/git/Embedded/stm32_nixie_clock_firmware/Nixie_firmware/Inc/ds3231_stm32_alex.h:9,
                 from /home/alxhoff/git/Embedded/stm32_nixie_clock_firmware/Nixie_firmware/Inc/externs.h:12,
                 from /home/alxhoff/git/Embedded/stm32_nixie_clock_firmware/Nixie_firmware/Inc/ds3231_stm32_alex.h:8,
                 from ../Src/ds3231_stm32_alex.c:8:
/home/alxhoff/git/Embedded/stm32_nixie_clock_firmware/Nixie_firmware/Drivers/STM32F4xx_HAL_Driver/Inc/stm32f4xx_hal_i2c.h:504:19: note: expected 'uint8_t * {aka unsigned char *}' but argument is of type 'uint8_t (*)[7] {aka unsigned char (*)[7]}'
 HAL_StatusTypeDef HAL_I2C_Mem_Read(I2C_HandleTypeDef *hi2c, uint16_t DevAddress, uint16_t MemAddress, uint16_t MemAddSize, uint8_t *pData, uint16_t Size, uint32_t Timeout);
                   ^~~~~~~~~~~~~~~~
../Src/ds3231_stm32_alex.c: In function 'DS3231_get_temp':
../Src/ds3231_stm32_alex.c:195:48: warning: passing argument 5 of 'HAL_I2C_Mem_Read' from incompatible pointer type [-Wincompatible-pointer-types]
  HAL_I2C_Mem_Read(hi2c, DS3231_ADDR8, 0x11, 1, &read_buffer, 2, 10);
                                                ^
In file included from /home/alxhoff/git/Embedded/stm32_nixie_clock_firmware/Nixie_firmware/Inc/stm32f4xx_hal_conf.h:320:0,
                 from /home/alxhoff/git/Embedded/stm32_nixie_clock_firmware/Nixie_firmware/Drivers/STM32F4xx_HAL_Driver/Inc/stm32f4xx_hal.h:48,
                 from /home/alxhoff/git/Embedded/stm32_nixie_clock_firmware/Nixie_firmware/Inc/ds3231_stm32_alex.h:9,
                 from /home/alxhoff/git/Embedded/stm32_nixie_clock_firmware/Nixie_firmware/Inc/externs.h:12,
                 from /home/alxhoff/git/Embedded/stm32_nixie_clock_firmware/Nixie_firmware/Inc/ds3231_stm32_alex.h:8,
                 from ../Src/ds3231_stm32_alex.c:8:
/home/alxhoff/git/Embedded/stm32_nixie_clock_firmware/Nixie_firmware/Drivers/STM32F4xx_HAL_Driver/Inc/stm32f4xx_hal_i2c.h:504:19: note: expected 'uint8_t * {aka unsigned char *}' but argument is of type 'uint8_t (*)[2] {aka unsigned char (*)[2]}'
 HAL_StatusTypeDef HAL_I2C_Mem_Read(I2C_HandleTypeDef *hi2c, uint16_t DevAddress, uint16_t MemAddress, uint16_t MemAddSize, uint8_t *pData, uint16_t Size, uint32_t Timeout);
                   ^~~~~~~~~~~~~~~~
../Src/ds3231_stm32_alex.c: In function 'DS3231_register_dump':
../Src/ds3231_stm32_alex.c:206:49: warning: passing argument 5 of 'HAL_I2C_Mem_Read' from incompatible pointer type [-Wincompatible-pointer-types]
   HAL_I2C_Mem_Read(hi2c, DS3231_ADDR8, 0x00, 1, &read_buffer, 20, 10);
                                                 ^
In file included from /home/alxhoff/git/Embedded/stm32_nixie_clock_firmware/Nixie_firmware/Inc/stm32f4xx_hal_conf.h:320:0,
                 from /home/alxhoff/git/Embedded/stm32_nixie_clock_firmware/Nixie_firmware/Drivers/STM32F4xx_HAL_Driver/Inc/stm32f4xx_hal.h:48,
                 from /home/alxhoff/git/Embedded/stm32_nixie_clock_firmware/Nixie_firmware/Inc/ds3231_stm32_alex.h:9,
                 from /home/alxhoff/git/Embedded/stm32_nixie_clock_firmware/Nixie_firmware/Inc/externs.h:12,
                 from /home/alxhoff/git/Embedded/stm32_nixie_clock_firmware/Nixie_firmware/Inc/ds3231_stm32_alex.h:8,
                 from ../Src/ds3231_stm32_alex.c:8:
/home/alxhoff/git/Embedded/stm32_nixie_clock_firmware/Nixie_firmware/Drivers/STM32F4xx_HAL_Driver/Inc/stm32f4xx_hal_i2c.h:504:19: note: expected 'uint8_t * {aka unsigned char *}' but argument is of type 'uint8_t (*)[19] {aka unsigned char (*)[19]}'
 HAL_StatusTypeDef HAL_I2C_Mem_Read(I2C_HandleTypeDef *hi2c, uint16_t DevAddress, uint16_t MemAddress, uint16_t MemAddSize, uint8_t *pData, uint16_t Size, uint32_t Timeout);
                   ^~~~~~~~~~~~~~~~
../Src/ds3231_stm32_alex.c: In function 'DS3231_set_alarm_short':
../Src/ds3231_stm32_alex.c:249:49: warning: passing argument 5 of 'HAL_I2C_Mem_Write' from incompatible pointer type [-Wincompatible-pointer-types]
  HAL_I2C_Mem_Write(hi2c, DS3231_ADDR8, 0x07, 1, &write_buffer, 3, 10);
                                                 ^
In file included from /home/alxhoff/git/Embedded/stm32_nixie_clock_firmware/Nixie_firmware/Inc/stm32f4xx_hal_conf.h:320:0,
                 from /home/alxhoff/git/Embedded/stm32_nixie_clock_firmware/Nixie_firmware/Drivers/STM32F4xx_HAL_Driver/Inc/stm32f4xx_hal.h:48,
                 from /home/alxhoff/git/Embedded/stm32_nixie_clock_firmware/Nixie_firmware/Inc/ds3231_stm32_alex.h:9,
                 from /home/alxhoff/git/Embedded/stm32_nixie_clock_firmware/Nixie_firmware/Inc/externs.h:12,
                 from /home/alxhoff/git/Embedded/stm32_nixie_clock_firmware/Nixie_firmware/Inc/ds3231_stm32_alex.h:8,
                 from ../Src/ds3231_stm32_alex.c:8:
/home/alxhoff/git/Embedded/stm32_nixie_clock_firmware/Nixie_firmware/Drivers/STM32F4xx_HAL_Driver/Inc/stm32f4xx_hal_i2c.h:503:19: note: expected 'uint8_t * {aka unsigned char *}' but argument is of type 'uint8_t (*)[3] {aka unsigned char (*)[3]}'
 HAL_StatusTypeDef HAL_I2C_Mem_Write(I2C_HandleTypeDef *hi2c, uint16_t DevAddress, uint16_t MemAddress, uint16_t MemAddSize, uint8_t *pData, uint16_t Size, uint32_t Timeout);
                   ^~~~~~~~~~~~~~~~~
../Src/ds3231_stm32_alex.c: In function 'DS3231_set_alarm':
../Src/ds3231_stm32_alex.c:256:2: warning: enumeration value 'BOTH' not handled in switch [-Wswitch]
  switch(alarm_number){
  ^~~~~~
../Src/ds3231_stm32_alex.c:340:64: warning: passing argument 5 of 'HAL_I2C_Mem_Write' from incompatible pointer type [-Wincompatible-pointer-types]
  HAL_I2C_Mem_Write(hi2c, DS3231_ADDR8, alarm_register_addr, 1, &write_buffer, 4, 10);
                                                                ^
In file included from /home/alxhoff/git/Embedded/stm32_nixie_clock_firmware/Nixie_firmware/Inc/stm32f4xx_hal_conf.h:320:0,
                 from /home/alxhoff/git/Embedded/stm32_nixie_clock_firmware/Nixie_firmware/Drivers/STM32F4xx_HAL_Driver/Inc/stm32f4xx_hal.h:48,
                 from /home/alxhoff/git/Embedded/stm32_nixie_clock_firmware/Nixie_firmware/Inc/ds3231_stm32_alex.h:9,
                 from /home/alxhoff/git/Embedded/stm32_nixie_clock_firmware/Nixie_firmware/Inc/externs.h:12,
                 from /home/alxhoff/git/Embedded/stm32_nixie_clock_firmware/Nixie_firmware/Inc/ds3231_stm32_alex.h:8,
                 from ../Src/ds3231_stm32_alex.c:8:
/home/alxhoff/git/Embedded/stm32_nixie_clock_firmware/Nixie_firmware/Drivers/STM32F4xx_HAL_Driver/Inc/stm32f4xx_hal_i2c.h:503:19: note: expected 'uint8_t * {aka unsigned char *}' but argument is of type 'uint8_t (*)[4] {aka unsigned char (*)[4]}'
 HAL_StatusTypeDef HAL_I2C_Mem_Write(I2C_HandleTypeDef *hi2c, uint16_t DevAddress, uint16_t MemAddress, uint16_t MemAddSize, uint8_t *pData, uint16_t Size, uint32_t Timeout);
                   ^~~~~~~~~~~~~~~~~
../Src/ds3231_stm32_alex.c: In function 'DS3231_get_alarm':
../Src/ds3231_stm32_alex.c:449:2: warning: enumeration value 'BOTH' not handled in switch [-Wswitch]
  switch(alarm_number){
  ^~~~~~
../Src/ds3231_stm32_alex.c:458:63: warning: passing argument 5 of 'HAL_I2C_Mem_Read' from incompatible pointer type [-Wincompatible-pointer-types]
  HAL_I2C_Mem_Read(hi2c, DS3231_ADDR8, alarm_register_addr, 1, &read_buffer, 4, 10);
                                                               ^
In file included from /home/alxhoff/git/Embedded/stm32_nixie_clock_firmware/Nixie_firmware/Inc/stm32f4xx_hal_conf.h:320:0,
                 from /home/alxhoff/git/Embedded/stm32_nixie_clock_firmware/Nixie_firmware/Drivers/STM32F4xx_HAL_Driver/Inc/stm32f4xx_hal.h:48,
                 from /home/alxhoff/git/Embedded/stm32_nixie_clock_firmware/Nixie_firmware/Inc/ds3231_stm32_alex.h:9,
                 from /home/alxhoff/git/Embedded/stm32_nixie_clock_firmware/Nixie_firmware/Inc/externs.h:12,
                 from /home/alxhoff/git/Embedded/stm32_nixie_clock_firmware/Nixie_firmware/Inc/ds3231_stm32_alex.h:8,
                 from ../Src/ds3231_stm32_alex.c:8:
/home/alxhoff/git/Embedded/stm32_nixie_clock_firmware/Nixie_firmware/Drivers/STM32F4xx_HAL_Driver/Inc/stm32f4xx_hal_i2c.h:504:19: note: expected 'uint8_t * {aka unsigned char *}' but argument is of type 'uint8_t (*)[4] {aka unsigned char (*)[4]}'
 HAL_StatusTypeDef HAL_I2C_Mem_Read(I2C_HandleTypeDef *hi2c, uint16_t DevAddress, uint16_t MemAddress, uint16_t MemAddSize, uint8_t *pData, uint16_t Size, uint32_t Timeout);
                   ^~~~~~~~~~~~~~~~
Finished building: ../Src/ds3231_stm32_alex.c
 
Building file: ../Src/fonts.c
Invoking: MCU GCC Compiler
/home/alxhoff/git/Embedded/stm32_nixie_clock_firmware/Nixie_firmware/Debug
arm-none-eabi-gcc -mcpu=cortex-m4 -mthumb -mfloat-abi=hard -mfpu=fpv4-sp-d16 '-D__weak=__attribute__((weak))' '-D__packed="__attribute__((__packed__))"' -DUSE_HAL_DRIVER -DSTM32F429xx -I"/home/alxhoff/git/Embedded/stm32_nixie_clock_firmware/Nixie_firmware/Inc" -I"/home/alxhoff/git/Embedded/stm32_nixie_clock_firmware/Nixie_firmware/Drivers/STM32F4xx_HAL_Driver/Inc" -I"/home/alxhoff/git/Embedded/stm32_nixie_clock_firmware/Nixie_firmware/Drivers/STM32F4xx_HAL_Driver/Inc/Legacy" -I"/home/alxhoff/git/Embedded/stm32_nixie_clock_firmware/Nixie_firmware/Drivers/CMSIS/Device/ST/STM32F4xx/Include" -I"/home/alxhoff/git/Embedded/stm32_nixie_clock_firmware/Nixie_firmware/Drivers/CMSIS/Include" -I"/home/alxhoff/git/Embedded/stm32_nixie_clock_firmware/Nixie_firmware/Inc" -I"/home/alxhoff/git/Embedded/stm32_nixie_clock_firmware/Nixie_firmware/Middlewares/Third_Party/FreeRTOS/Source/portable/GCC/ARM_CM4F" -I"/home/alxhoff/git/Embedded/stm32_nixie_clock_firmware/Nixie_firmware/Middlewares/Third_Party/FreeRTOS/Source/include" -I"/home/alxhoff/git/Embedded/stm32_nixie_clock_firmware/Nixie_firmware/Middlewares/Third_Party/FreeRTOS/Source/CMSIS_RTOS"  -Og -g3 -Wall -fmessage-length=0 -ffunction-sections -c -fmessage-length=0 -MMD -MP -MF"Src/fonts.d" -MT"Src/fonts.o" -o "Src/fonts.o" "../Src/fonts.c"
Finished building: ../Src/fonts.c
 
Building file: ../Src/freertos.c
Invoking: MCU GCC Compiler
/home/alxhoff/git/Embedded/stm32_nixie_clock_firmware/Nixie_firmware/Debug
arm-none-eabi-gcc -mcpu=cortex-m4 -mthumb -mfloat-abi=hard -mfpu=fpv4-sp-d16 '-D__weak=__attribute__((weak))' '-D__packed="__attribute__((__packed__))"' -DUSE_HAL_DRIVER -DSTM32F429xx -I"/home/alxhoff/git/Embedded/stm32_nixie_clock_firmware/Nixie_firmware/Inc" -I"/home/alxhoff/git/Embedded/stm32_nixie_clock_firmware/Nixie_firmware/Drivers/STM32F4xx_HAL_Driver/Inc" -I"/home/alxhoff/git/Embedded/stm32_nixie_clock_firmware/Nixie_firmware/Drivers/STM32F4xx_HAL_Driver/Inc/Legacy" -I"/home/alxhoff/git/Embedded/stm32_nixie_clock_firmware/Nixie_firmware/Drivers/CMSIS/Device/ST/STM32F4xx/Include" -I"/home/alxhoff/git/Embedded/stm32_nixie_clock_firmware/Nixie_firmware/Drivers/CMSIS/Include" -I"/home/alxhoff/git/Embedded/stm32_nixie_clock_firmware/Nixie_firmware/Inc" -I"/home/alxhoff/git/Embedded/stm32_nixie_clock_firmware/Nixie_firmware/Middlewares/Third_Party/FreeRTOS/Source/portable/GCC/ARM_CM4F" -I"/home/alxhoff/git/Embedded/stm32_nixie_clock_firmware/Nixie_firmware/Middlewares/Third_Party/FreeRTOS/Source/include" -I"/home/alxhoff/git/Embedded/stm32_nixie_clock_firmware/Nixie_firmware/Middlewares/Third_Party/FreeRTOS/Source/CMSIS_RTOS"  -Og -g3 -Wall -fmessage-length=0 -ffunction-sections -c -fmessage-length=0 -MMD -MP -MF"Src/freertos.d" -MT"Src/freertos.o" -o "Src/freertos.o" "../Src/freertos.c"
Finished building: ../Src/freertos.c
 
Building file: ../Src/main.c
Invoking: MCU GCC Compiler
/home/alxhoff/git/Embedded/stm32_nixie_clock_firmware/Nixie_firmware/Debug
arm-none-eabi-gcc -mcpu=cortex-m4 -mthumb -mfloat-abi=hard -mfpu=fpv4-sp-d16 '-D__weak=__attribute__((weak))' '-D__packed="__attribute__((__packed__))"' -DUSE_HAL_DRIVER -DSTM32F429xx -I"/home/alxhoff/git/Embedded/stm32_nixie_clock_firmware/Nixie_firmware/Inc" -I"/home/alxhoff/git/Embedded/stm32_nixie_clock_firmware/Nixie_firmware/Drivers/STM32F4xx_HAL_Driver/Inc" -I"/home/alxhoff/git/Embedded/stm32_nixie_clock_firmware/Nixie_firmware/Drivers/STM32F4xx_HAL_Driver/Inc/Legacy" -I"/home/alxhoff/git/Embedded/stm32_nixie_clock_firmware/Nixie_firmware/Drivers/CMSIS/Device/ST/STM32F4xx/Include" -I"/home/alxhoff/git/Embedded/stm32_nixie_clock_firmware/Nixie_firmware/Drivers/CMSIS/Include" -I"/home/alxhoff/git/Embedded/stm32_nixie_clock_firmware/Nixie_firmware/Inc" -I"/home/alxhoff/git/Embedded/stm32_nixie_clock_firmware/Nixie_firmware/Middlewares/Third_Party/FreeRTOS/Source/portable/GCC/ARM_CM4F" -I"/home/alxhoff/git/Embedded/stm32_nixie_clock_firmware/Nixie_firmware/Middlewares/Third_Party/FreeRTOS/Source/include" -I"/home/alxhoff/git/Embedded/stm32_nixie_clock_firmware/Nixie_firmware/Middlewares/Third_Party/FreeRTOS/Source/CMSIS_RTOS"  -Og -g3 -Wall -fmessage-length=0 -ffunction-sections -c -fmessage-length=0 -MMD -MP -MF"Src/main.d" -MT"Src/main.o" -o "Src/main.o" "../Src/main.c"
../Src/main.c: In function 'main':
../Src/main.c:150:2: warning: implicit declaration of function 'DS3231_set_alarm' [-Wimplicit-function-declaration]
  DS3231_set_alarm(&hi2c2, &testAlarm1, ALARM_ONE);
  ^~~~~~~~~~~~~~~~
../Src/main.c:179:62: warning: passing argument 4 of 'xTimerCreate' makes pointer from integer without a cast [-Wint-conversion]
  rtos_blink_timer = xTimerCreate("blinkTimer", 1000, pdTRUE, 1, set_blink_timer_callback);
                                                              ^
In file included from /home/alxhoff/git/Embedded/stm32_nixie_clock_firmware/Nixie_firmware/Middlewares/Third_Party/FreeRTOS/Source/CMSIS_RTOS/cmsis_os.h:103:0,
                 from ../Src/main.c:51:
/home/alxhoff/git/Embedded/stm32_nixie_clock_firmware/Nixie_firmware/Middlewares/Third_Party/FreeRTOS/Source/include/timers.h:269:16: note: expected 'void * const' but argument is of type 'int'
  TimerHandle_t xTimerCreate( const char * const pcTimerName,
                ^~~~~~~~~~~~
In file included from /home/alxhoff/git/Embedded/stm32_nixie_clock_firmware/Nixie_firmware/Inc/render.h:11:0,
                 from ../Src/main.c:59:
../Src/main.c: At top level:
/home/alxhoff/git/Embedded/stm32_nixie_clock_firmware/Nixie_firmware/Inc/ssd1306.h:62:13: warning: 'ssd1306_WriteCommand' declared 'static' but never defined [-Wunused-function]
 static void ssd1306_WriteCommand(uint8_t command);
             ^~~~~~~~~~~~~~~~~~~~
Finished building: ../Src/main.c
 
Building file: ../Src/my_timers.c
Invoking: MCU GCC Compiler
/home/alxhoff/git/Embedded/stm32_nixie_clock_firmware/Nixie_firmware/Debug
arm-none-eabi-gcc -mcpu=cortex-m4 -mthumb -mfloat-abi=hard -mfpu=fpv4-sp-d16 '-D__weak=__attribute__((weak))' '-D__packed="__attribute__((__packed__))"' -DUSE_HAL_DRIVER -DSTM32F429xx -I"/home/alxhoff/git/Embedded/stm32_nixie_clock_firmware/Nixie_firmware/Inc" -I"/home/alxhoff/git/Embedded/stm32_nixie_clock_firmware/Nixie_firmware/Drivers/STM32F4xx_HAL_Driver/Inc" -I"/home/alxhoff/git/Embedded/stm32_nixie_clock_firmware/Nixie_firmware/Drivers/STM32F4xx_HAL_Driver/Inc/Legacy" -I"/home/alxhoff/git/Embedded/stm32_nixie_clock_firmware/Nixie_firmware/Drivers/CMSIS/Device/ST/STM32F4xx/Include" -I"/home/alxhoff/git/Embedded/stm32_nixie_clock_firmware/Nixie_firmware/Drivers/CMSIS/Include" -I"/home/alxhoff/git/Embedded/stm32_nixie_clock_firmware/Nixie_firmware/Inc" -I"/home/alxhoff/git/Embedded/stm32_nixie_clock_firmware/Nixie_firmware/Middlewares/Third_Party/FreeRTOS/Source/portable/GCC/ARM_CM4F" -I"/home/alxhoff/git/Embedded/stm32_nixie_clock_firmware/Nixie_firmware/Middlewares/Third_Party/FreeRTOS/Source/include" -I"/home/alxhoff/git/Embedded/stm32_nixie_clock_firmware/Nixie_firmware/Middlewares/Third_Party/FreeRTOS/Source/CMSIS_RTOS"  -Og -g3 -Wall -fmessage-length=0 -ffunction-sections -c -fmessage-length=0 -MMD -MP -MF"Src/my_timers.d" -MT"Src/my_timers.o" -o "Src/my_timers.o" "../Src/my_timers.c"
Finished building: ../Src/my_timers.c
 
Building file: ../Src/render.c
Invoking: MCU GCC Compiler
/home/alxhoff/git/Embedded/stm32_nixie_clock_firmware/Nixie_firmware/Debug
arm-none-eabi-gcc -mcpu=cortex-m4 -mthumb -mfloat-abi=hard -mfpu=fpv4-sp-d16 '-D__weak=__attribute__((weak))' '-D__packed="__attribute__((__packed__))"' -DUSE_HAL_DRIVER -DSTM32F429xx -I"/home/alxhoff/git/Embedded/stm32_nixie_clock_firmware/Nixie_firmware/Inc" -I"/home/alxhoff/git/Embedded/stm32_nixie_clock_firmware/Nixie_firmware/Drivers/STM32F4xx_HAL_Driver/Inc" -I"/home/alxhoff/git/Embedded/stm32_nixie_clock_firmware/Nixie_firmware/Drivers/STM32F4xx_HAL_Driver/Inc/Legacy" -I"/home/alxhoff/git/Embedded/stm32_nixie_clock_firmware/Nixie_firmware/Drivers/CMSIS/Device/ST/STM32F4xx/Include" -I"/home/alxhoff/git/Embedded/stm32_nixie_clock_firmware/Nixie_firmware/Drivers/CMSIS/Include" -I"/home/alxhoff/git/Embedded/stm32_nixie_clock_firmware/Nixie_firmware/Inc" -I"/home/alxhoff/git/Embedded/stm32_nixie_clock_firmware/Nixie_firmware/Middlewares/Third_Party/FreeRTOS/Source/portable/GCC/ARM_CM4F" -I"/home/alxhoff/git/Embedded/stm32_nixie_clock_firmware/Nixie_firmware/Middlewares/Third_Party/FreeRTOS/Source/include" -I"/home/alxhoff/git/Embedded/stm32_nixie_clock_firmware/Nixie_firmware/Middlewares/Third_Party/FreeRTOS/Source/CMSIS_RTOS"  -Og -g3 -Wall -fmessage-length=0 -ffunction-sections -c -fmessage-length=0 -MMD -MP -MF"Src/render.d" -MT"Src/render.o" -o "Src/render.o" "../Src/render.c"
../Src/render.c: In function 'ScreenRenderTask':
../Src/render.c:58:21: warning: implicit declaration of function 'get_time_string' [-Wimplicit-function-declaration]
    char *time_str = get_time_string(&get_time);
                     ^~~~~~~~~~~~~~~
../Src/render.c:58:21: warning: initialization makes pointer from integer without a cast [-Wint-conversion]
In file included from /home/alxhoff/git/Embedded/stm32_nixie_clock_firmware/Nixie_firmware/Inc/render.h:11:0,
                 from ../Src/render.c:10:
../Src/render.c: At top level:
/home/alxhoff/git/Embedded/stm32_nixie_clock_firmware/Nixie_firmware/Inc/ssd1306.h:62:13: warning: 'ssd1306_WriteCommand' declared 'static' but never defined [-Wunused-function]
 static void ssd1306_WriteCommand(uint8_t command);
             ^~~~~~~~~~~~~~~~~~~~
Finished building: ../Src/render.c
 
Building file: ../Src/ssd1306.c
Invoking: MCU GCC Compiler
/home/alxhoff/git/Embedded/stm32_nixie_clock_firmware/Nixie_firmware/Debug
arm-none-eabi-gcc -mcpu=cortex-m4 -mthumb -mfloat-abi=hard -mfpu=fpv4-sp-d16 '-D__weak=__attribute__((weak))' '-D__packed="__attribute__((__packed__))"' -DUSE_HAL_DRIVER -DSTM32F429xx -I"/home/alxhoff/git/Embedded/stm32_nixie_clock_firmware/Nixie_firmware/Inc" -I"/home/alxhoff/git/Embedded/stm32_nixie_clock_firmware/Nixie_firmware/Drivers/STM32F4xx_HAL_Driver/Inc" -I"/home/alxhoff/git/Embedded/stm32_nixie_clock_firmware/Nixie_firmware/Drivers/STM32F4xx_HAL_Driver/Inc/Legacy" -I"/home/alxhoff/git/Embedded/stm32_nixie_clock_firmware/Nixie_firmware/Drivers/CMSIS/Device/ST/STM32F4xx/Include" -I"/home/alxhoff/git/Embedded/stm32_nixie_clock_firmware/Nixie_firmware/Drivers/CMSIS/Include" -I"/home/alxhoff/git/Embedded/stm32_nixie_clock_firmware/Nixie_firmware/Inc" -I"/home/alxhoff/git/Embedded/stm32_nixie_clock_firmware/Nixie_firmware/Middlewares/Third_Party/FreeRTOS/Source/portable/GCC/ARM_CM4F" -I"/home/alxhoff/git/Embedded/stm32_nixie_clock_firmware/Nixie_firmware/Middlewares/Third_Party/FreeRTOS/Source/include" -I"/home/alxhoff/git/Embedded/stm32_nixie_clock_firmware/Nixie_firmware/Middlewares/Third_Party/FreeRTOS/Source/CMSIS_RTOS"  -Og -g3 -Wall -fmessage-length=0 -ffunction-sections -c -fmessage-length=0 -MMD -MP -MF"Src/ssd1306.d" -MT"Src/ssd1306.o" -o "Src/ssd1306.o" "../Src/ssd1306.c"
Finished building: ../Src/ssd1306.c
 
Building file: ../Src/stm32f4xx_hal_msp.c
Invoking: MCU GCC Compiler
/home/alxhoff/git/Embedded/stm32_nixie_clock_firmware/Nixie_firmware/Debug
arm-none-eabi-gcc -mcpu=cortex-m4 -mthumb -mfloat-abi=hard -mfpu=fpv4-sp-d16 '-D__weak=__attribute__((weak))' '-D__packed="__attribute__((__packed__))"' -DUSE_HAL_DRIVER -DSTM32F429xx -I"/home/alxhoff/git/Embedded/stm32_nixie_clock_firmware/Nixie_firmware/Inc" -I"/home/alxhoff/git/Embedded/stm32_nixie_clock_firmware/Nixie_firmware/Drivers/STM32F4xx_HAL_Driver/Inc" -I"/home/alxhoff/git/Embedded/stm32_nixie_clock_firmware/Nixie_firmware/Drivers/STM32F4xx_HAL_Driver/Inc/Legacy" -I"/home/alxhoff/git/Embedded/stm32_nixie_clock_firmware/Nixie_firmware/Drivers/CMSIS/Device/ST/STM32F4xx/Include" -I"/home/alxhoff/git/Embedded/stm32_nixie_clock_firmware/Nixie_firmware/Drivers/CMSIS/Include" -I"/home/alxhoff/git/Embedded/stm32_nixie_clock_firmware/Nixie_firmware/Inc" -I"/home/alxhoff/git/Embedded/stm32_nixie_clock_firmware/Nixie_firmware/Middlewares/Third_Party/FreeRTOS/Source/portable/GCC/ARM_CM4F" -I"/home/alxhoff/git/Embedded/stm32_nixie_clock_firmware/Nixie_firmware/Middlewares/Third_Party/FreeRTOS/Source/include" -I"/home/alxhoff/git/Embedded/stm32_nixie_clock_firmware/Nixie_firmware/Middlewares/Third_Party/FreeRTOS/Source/CMSIS_RTOS"  -Og -g3 -Wall -fmessage-length=0 -ffunction-sections -c -fmessage-length=0 -MMD -MP -MF"Src/stm32f4xx_hal_msp.d" -MT"Src/stm32f4xx_hal_msp.o" -o "Src/stm32f4xx_hal_msp.o" "../Src/stm32f4xx_hal_msp.c"
Finished building: ../Src/stm32f4xx_hal_msp.c
 
Building file: ../Src/stm32f4xx_it.c
Invoking: MCU GCC Compiler
/home/alxhoff/git/Embedded/stm32_nixie_clock_firmware/Nixie_firmware/Debug
arm-none-eabi-gcc -mcpu=cortex-m4 -mthumb -mfloat-abi=hard -mfpu=fpv4-sp-d16 '-D__weak=__attribute__((weak))' '-D__packed="__attribute__((__packed__))"' -DUSE_HAL_DRIVER -DSTM32F429xx -I"/home/alxhoff/git/Embedded/stm32_nixie_clock_firmware/Nixie_firmware/Inc" -I"/home/alxhoff/git/Embedded/stm32_nixie_clock_firmware/Nixie_firmware/Drivers/STM32F4xx_HAL_Driver/Inc" -I"/home/alxhoff/git/Embedded/stm32_nixie_clock_firmware/Nixie_firmware/Drivers/STM32F4xx_HAL_Driver/Inc/Legacy" -I"/home/alxhoff/git/Embedded/stm32_nixie_clock_firmware/Nixie_firmware/Drivers/CMSIS/Device/ST/STM32F4xx/Include" -I"/home/alxhoff/git/Embedded/stm32_nixie_clock_firmware/Nixie_firmware/Drivers/CMSIS/Include" -I"/home/alxhoff/git/Embedded/stm32_nixie_clock_firmware/Nixie_firmware/Inc" -I"/home/alxhoff/git/Embedded/stm32_nixie_clock_firmware/Nixie_firmware/Middlewares/Third_Party/FreeRTOS/Source/portable/GCC/ARM_CM4F" -I"/home/alxhoff/git/Embedded/stm32_nixie_clock_firmware/Nixie_firmware/Middlewares/Third_Party/FreeRTOS/Source/include" -I"/home/alxhoff/git/Embedded/stm32_nixie_clock_firmware/Nixie_firmware/Middlewares/Third_Party/FreeRTOS/Source/CMSIS_RTOS"  -Og -g3 -Wall -fmessage-length=0 -ffunction-sections -c -fmessage-length=0 -MMD -MP -MF"Src/stm32f4xx_it.d" -MT"Src/stm32f4xx_it.o" -o "Src/stm32f4xx_it.o" "../Src/stm32f4xx_it.c"
Finished building: ../Src/stm32f4xx_it.c
 
Building file: ../Src/system_stm32f4xx.c
Invoking: MCU GCC Compiler
/home/alxhoff/git/Embedded/stm32_nixie_clock_firmware/Nixie_firmware/Debug
arm-none-eabi-gcc -mcpu=cortex-m4 -mthumb -mfloat-abi=hard -mfpu=fpv4-sp-d16 '-D__weak=__attribute__((weak))' '-D__packed="__attribute__((__packed__))"' -DUSE_HAL_DRIVER -DSTM32F429xx -I"/home/alxhoff/git/Embedded/stm32_nixie_clock_firmware/Nixie_firmware/Inc" -I"/home/alxhoff/git/Embedded/stm32_nixie_clock_firmware/Nixie_firmware/Drivers/STM32F4xx_HAL_Driver/Inc" -I"/home/alxhoff/git/Embedded/stm32_nixie_clock_firmware/Nixie_firmware/Drivers/STM32F4xx_HAL_Driver/Inc/Legacy" -I"/home/alxhoff/git/Embedded/stm32_nixie_clock_firmware/Nixie_firmware/Drivers/CMSIS/Device/ST/STM32F4xx/Include" -I"/home/alxhoff/git/Embedded/stm32_nixie_clock_firmware/Nixie_firmware/Drivers/CMSIS/Include" -I"/home/alxhoff/git/Embedded/stm32_nixie_clock_firmware/Nixie_firmware/Inc" -I"/home/alxhoff/git/Embedded/stm32_nixie_clock_firmware/Nixie_firmware/Middlewares/Third_Party/FreeRTOS/Source/portable/GCC/ARM_CM4F" -I"/home/alxhoff/git/Embedded/stm32_nixie_clock_firmware/Nixie_firmware/Middlewares/Third_Party/FreeRTOS/Source/include" -I"/home/alxhoff/git/Embedded/stm32_nixie_clock_firmware/Nixie_firmware/Middlewares/Third_Party/FreeRTOS/Source/CMSIS_RTOS"  -Og -g3 -Wall -fmessage-length=0 -ffunction-sections -c -fmessage-length=0 -MMD -MP -MF"Src/system_stm32f4xx.d" -MT"Src/system_stm32f4xx.o" -o "Src/system_stm32f4xx.o" "../Src/system_stm32f4xx.c"
Finished building: ../Src/system_stm32f4xx.c
 
Building file: ../Middlewares/Third_Party/FreeRTOS/Source/portable/MemMang/heap_4.c
Invoking: MCU GCC Compiler
/home/alxhoff/git/Embedded/stm32_nixie_clock_firmware/Nixie_firmware/Debug
arm-none-eabi-gcc -mcpu=cortex-m4 -mthumb -mfloat-abi=hard -mfpu=fpv4-sp-d16 '-D__weak=__attribute__((weak))' '-D__packed="__attribute__((__packed__))"' -DUSE_HAL_DRIVER -DSTM32F429xx -I"/home/alxhoff/git/Embedded/stm32_nixie_clock_firmware/Nixie_firmware/Inc" -I"/home/alxhoff/git/Embedded/stm32_nixie_clock_firmware/Nixie_firmware/Drivers/STM32F4xx_HAL_Driver/Inc" -I"/home/alxhoff/git/Embedded/stm32_nixie_clock_firmware/Nixie_firmware/Drivers/STM32F4xx_HAL_Driver/Inc/Legacy" -I"/home/alxhoff/git/Embedded/stm32_nixie_clock_firmware/Nixie_firmware/Drivers/CMSIS/Device/ST/STM32F4xx/Include" -I"/home/alxhoff/git/Embedded/stm32_nixie_clock_firmware/Nixie_firmware/Drivers/CMSIS/Include" -I"/home/alxhoff/git/Embedded/stm32_nixie_clock_firmware/Nixie_firmware/Inc" -I"/home/alxhoff/git/Embedded/stm32_nixie_clock_firmware/Nixie_firmware/Middlewares/Third_Party/FreeRTOS/Source/portable/GCC/ARM_CM4F" -I"/home/alxhoff/git/Embedded/stm32_nixie_clock_firmware/Nixie_firmware/Middlewares/Third_Party/FreeRTOS/Source/include" -I"/home/alxhoff/git/Embedded/stm32_nixie_clock_firmware/Nixie_firmware/Middlewares/Third_Party/FreeRTOS/Source/CMSIS_RTOS"  -Og -g3 -Wall -fmessage-length=0 -ffunction-sections -c -fmessage-length=0 -MMD -MP -MF"Middlewares/Third_Party/FreeRTOS/Source/portable/MemMang/heap_4.d" -MT"Middlewares/Third_Party/FreeRTOS/Source/portable/MemMang/heap_4.o" -o "Middlewares/Third_Party/FreeRTOS/Source/portable/MemMang/heap_4.o" "../Middlewares/Third_Party/FreeRTOS/Source/portable/MemMang/heap_4.c"
Finished building: ../Middlewares/Third_Party/FreeRTOS/Source/portable/MemMang/heap_4.c
 
Building file: ../Middlewares/Third_Party/FreeRTOS/Source/portable/GCC/ARM_CM4F/port.c
Invoking: MCU GCC Compiler
/home/alxhoff/git/Embedded/stm32_nixie_clock_firmware/Nixie_firmware/Debug
arm-none-eabi-gcc -mcpu=cortex-m4 -mthumb -mfloat-abi=hard -mfpu=fpv4-sp-d16 '-D__weak=__attribute__((weak))' '-D__packed="__attribute__((__packed__))"' -DUSE_HAL_DRIVER -DSTM32F429xx -I"/home/alxhoff/git/Embedded/stm32_nixie_clock_firmware/Nixie_firmware/Inc" -I"/home/alxhoff/git/Embedded/stm32_nixie_clock_firmware/Nixie_firmware/Drivers/STM32F4xx_HAL_Driver/Inc" -I"/home/alxhoff/git/Embedded/stm32_nixie_clock_firmware/Nixie_firmware/Drivers/STM32F4xx_HAL_Driver/Inc/Legacy" -I"/home/alxhoff/git/Embedded/stm32_nixie_clock_firmware/Nixie_firmware/Drivers/CMSIS/Device/ST/STM32F4xx/Include" -I"/home/alxhoff/git/Embedded/stm32_nixie_clock_firmware/Nixie_firmware/Drivers/CMSIS/Include" -I"/home/alxhoff/git/Embedded/stm32_nixie_clock_firmware/Nixie_firmware/Inc" -I"/home/alxhoff/git/Embedded/stm32_nixie_clock_firmware/Nixie_firmware/Middlewares/Third_Party/FreeRTOS/Source/portable/GCC/ARM_CM4F" -I"/home/alxhoff/git/Embedded/stm32_nixie_clock_firmware/Nixie_firmware/Middlewares/Third_Party/FreeRTOS/Source/include" -I"/home/alxhoff/git/Embedded/stm32_nixie_clock_firmware/Nixie_firmware/Middlewares/Third_Party/FreeRTOS/Source/CMSIS_RTOS"  -Og -g3 -Wall -fmessage-length=0 -ffunction-sections -c -fmessage-length=0 -MMD -MP -MF"Middlewares/Third_Party/FreeRTOS/Source/portable/GCC/ARM_CM4F/port.d" -MT"Middlewares/Third_Party/FreeRTOS/Source/portable/GCC/ARM_CM4F/port.o" -o "Middlewares/Third_Party/FreeRTOS/Source/portable/GCC/ARM_CM4F/port.o" "../Middlewares/Third_Party/FreeRTOS/Source/portable/GCC/ARM_CM4F/port.c"
Finished building: ../Middlewares/Third_Party/FreeRTOS/Source/portable/GCC/ARM_CM4F/port.c
 
Building file: ../Middlewares/Third_Party/FreeRTOS/Source/CMSIS_RTOS/cmsis_os.c
Invoking: MCU GCC Compiler
/home/alxhoff/git/Embedded/stm32_nixie_clock_firmware/Nixie_firmware/Debug
arm-none-eabi-gcc -mcpu=cortex-m4 -mthumb -mfloat-abi=hard -mfpu=fpv4-sp-d16 '-D__weak=__attribute__((weak))' '-D__packed="__attribute__((__packed__))"' -DUSE_HAL_DRIVER -DSTM32F429xx -I"/home/alxhoff/git/Embedded/stm32_nixie_clock_firmware/Nixie_firmware/Inc" -I"/home/alxhoff/git/Embedded/stm32_nixie_clock_firmware/Nixie_firmware/Drivers/STM32F4xx_HAL_Driver/Inc" -I"/home/alxhoff/git/Embedded/stm32_nixie_clock_firmware/Nixie_firmware/Drivers/STM32F4xx_HAL_Driver/Inc/Legacy" -I"/home/alxhoff/git/Embedded/stm32_nixie_clock_firmware/Nixie_firmware/Drivers/CMSIS/Device/ST/STM32F4xx/Include" -I"/home/alxhoff/git/Embedded/stm32_nixie_clock_firmware/Nixie_firmware/Drivers/CMSIS/Include" -I"/home/alxhoff/git/Embedded/stm32_nixie_clock_firmware/Nixie_firmware/Inc" -I"/home/alxhoff/git/Embedded/stm32_nixie_clock_firmware/Nixie_firmware/Middlewares/Third_Party/FreeRTOS/Source/portable/GCC/ARM_CM4F" -I"/home/alxhoff/git/Embedded/stm32_nixie_clock_firmware/Nixie_firmware/Middlewares/Third_Party/FreeRTOS/Source/include" -I"/home/alxhoff/git/Embedded/stm32_nixie_clock_firmware/Nixie_firmware/Middlewares/Third_Party/FreeRTOS/Source/CMSIS_RTOS"  -Og -g3 -Wall -fmessage-length=0 -ffunction-sections -c -fmessage-length=0 -MMD -MP -MF"Middlewares/Third_Party/FreeRTOS/Source/CMSIS_RTOS/cmsis_os.d" -MT"Middlewares/Third_Party/FreeRTOS/Source/CMSIS_RTOS/cmsis_os.o" -o "Middlewares/Third_Party/FreeRTOS/Source/CMSIS_RTOS/cmsis_os.o" "../Middlewares/Third_Party/FreeRTOS/Source/CMSIS_RTOS/cmsis_os.c"
Finished building: ../Middlewares/Third_Party/FreeRTOS/Source/CMSIS_RTOS/cmsis_os.c
 
Building file: ../Middlewares/Third_Party/FreeRTOS/Source/croutine.c
Invoking: MCU GCC Compiler
/home/alxhoff/git/Embedded/stm32_nixie_clock_firmware/Nixie_firmware/Debug
arm-none-eabi-gcc -mcpu=cortex-m4 -mthumb -mfloat-abi=hard -mfpu=fpv4-sp-d16 '-D__weak=__attribute__((weak))' '-D__packed="__attribute__((__packed__))"' -DUSE_HAL_DRIVER -DSTM32F429xx -I"/home/alxhoff/git/Embedded/stm32_nixie_clock_firmware/Nixie_firmware/Inc" -I"/home/alxhoff/git/Embedded/stm32_nixie_clock_firmware/Nixie_firmware/Drivers/STM32F4xx_HAL_Driver/Inc" -I"/home/alxhoff/git/Embedded/stm32_nixie_clock_firmware/Nixie_firmware/Drivers/STM32F4xx_HAL_Driver/Inc/Legacy" -I"/home/alxhoff/git/Embedded/stm32_nixie_clock_firmware/Nixie_firmware/Drivers/CMSIS/Device/ST/STM32F4xx/Include" -I"/home/alxhoff/git/Embedded/stm32_nixie_clock_firmware/Nixie_firmware/Drivers/CMSIS/Include" -I"/home/alxhoff/git/Embedded/stm32_nixie_clock_firmware/Nixie_firmware/Inc" -I"/home/alxhoff/git/Embedded/stm32_nixie_clock_firmware/Nixie_firmware/Middlewares/Third_Party/FreeRTOS/Source/portable/GCC/ARM_CM4F" -I"/home/alxhoff/git/Embedded/stm32_nixie_clock_firmware/Nixie_firmware/Middlewares/Third_Party/FreeRTOS/Source/include" -I"/home/alxhoff/git/Embedded/stm32_nixie_clock_firmware/Nixie_firmware/Middlewares/Third_Party/FreeRTOS/Source/CMSIS_RTOS"  -Og -g3 -Wall -fmessage-length=0 -ffunction-sections -c -fmessage-length=0 -MMD -MP -MF"Middlewares/Third_Party/FreeRTOS/Source/croutine.d" -MT"Middlewares/Third_Party/FreeRTOS/Source/croutine.o" -o "Middlewares/Third_Party/FreeRTOS/Source/croutine.o" "../Middlewares/Third_Party/FreeRTOS/Source/croutine.c"
Finished building: ../Middlewares/Third_Party/FreeRTOS/Source/croutine.c
 
Building file: ../Middlewares/Third_Party/FreeRTOS/Source/event_groups.c
Invoking: MCU GCC Compiler
/home/alxhoff/git/Embedded/stm32_nixie_clock_firmware/Nixie_firmware/Debug
arm-none-eabi-gcc -mcpu=cortex-m4 -mthumb -mfloat-abi=hard -mfpu=fpv4-sp-d16 '-D__weak=__attribute__((weak))' '-D__packed="__attribute__((__packed__))"' -DUSE_HAL_DRIVER -DSTM32F429xx -I"/home/alxhoff/git/Embedded/stm32_nixie_clock_firmware/Nixie_firmware/Inc" -I"/home/alxhoff/git/Embedded/stm32_nixie_clock_firmware/Nixie_firmware/Drivers/STM32F4xx_HAL_Driver/Inc" -I"/home/alxhoff/git/Embedded/stm32_nixie_clock_firmware/Nixie_firmware/Drivers/STM32F4xx_HAL_Driver/Inc/Legacy" -I"/home/alxhoff/git/Embedded/stm32_nixie_clock_firmware/Nixie_firmware/Drivers/CMSIS/Device/ST/STM32F4xx/Include" -I"/home/alxhoff/git/Embedded/stm32_nixie_clock_firmware/Nixie_firmware/Drivers/CMSIS/Include" -I"/home/alxhoff/git/Embedded/stm32_nixie_clock_firmware/Nixie_firmware/Inc" -I"/home/alxhoff/git/Embedded/stm32_nixie_clock_firmware/Nixie_firmware/Middlewares/Third_Party/FreeRTOS/Source/portable/GCC/ARM_CM4F" -I"/home/alxhoff/git/Embedded/stm32_nixie_clock_firmware/Nixie_firmware/Middlewares/Third_Party/FreeRTOS/Source/include" -I"/home/alxhoff/git/Embedded/stm32_nixie_clock_firmware/Nixie_firmware/Middlewares/Third_Party/FreeRTOS/Source/CMSIS_RTOS"  -Og -g3 -Wall -fmessage-length=0 -ffunction-sections -c -fmessage-length=0 -MMD -MP -MF"Middlewares/Third_Party/FreeRTOS/Source/event_groups.d" -MT"Middlewares/Third_Party/FreeRTOS/Source/event_groups.o" -o "Middlewares/Third_Party/FreeRTOS/Source/event_groups.o" "../Middlewares/Third_Party/FreeRTOS/Source/event_groups.c"
Finished building: ../Middlewares/Third_Party/FreeRTOS/Source/event_groups.c
 
Building file: ../Middlewares/Third_Party/FreeRTOS/Source/list.c
Invoking: MCU GCC Compiler
/home/alxhoff/git/Embedded/stm32_nixie_clock_firmware/Nixie_firmware/Debug
arm-none-eabi-gcc -mcpu=cortex-m4 -mthumb -mfloat-abi=hard -mfpu=fpv4-sp-d16 '-D__weak=__attribute__((weak))' '-D__packed="__attribute__((__packed__))"' -DUSE_HAL_DRIVER -DSTM32F429xx -I"/home/alxhoff/git/Embedded/stm32_nixie_clock_firmware/Nixie_firmware/Inc" -I"/home/alxhoff/git/Embedded/stm32_nixie_clock_firmware/Nixie_firmware/Drivers/STM32F4xx_HAL_Driver/Inc" -I"/home/alxhoff/git/Embedded/stm32_nixie_clock_firmware/Nixie_firmware/Drivers/STM32F4xx_HAL_Driver/Inc/Legacy" -I"/home/alxhoff/git/Embedded/stm32_nixie_clock_firmware/Nixie_firmware/Drivers/CMSIS/Device/ST/STM32F4xx/Include" -I"/home/alxhoff/git/Embedded/stm32_nixie_clock_firmware/Nixie_firmware/Drivers/CMSIS/Include" -I"/home/alxhoff/git/Embedded/stm32_nixie_clock_firmware/Nixie_firmware/Inc" -I"/home/alxhoff/git/Embedded/stm32_nixie_clock_firmware/Nixie_firmware/Middlewares/Third_Party/FreeRTOS/Source/portable/GCC/ARM_CM4F" -I"/home/alxhoff/git/Embedded/stm32_nixie_clock_firmware/Nixie_firmware/Middlewares/Third_Party/FreeRTOS/Source/include" -I"/home/alxhoff/git/Embedded/stm32_nixie_clock_firmware/Nixie_firmware/Middlewares/Third_Party/FreeRTOS/Source/CMSIS_RTOS"  -Og -g3 -Wall -fmessage-length=0 -ffunction-sections -c -fmessage-length=0 -MMD -MP -MF"Middlewares/Third_Party/FreeRTOS/Source/list.d" -MT"Middlewares/Third_Party/FreeRTOS/Source/list.o" -o "Middlewares/Third_Party/FreeRTOS/Source/list.o" "../Middlewares/Third_Party/FreeRTOS/Source/list.c"
Finished building: ../Middlewares/Third_Party/FreeRTOS/Source/list.c
 
Building file: ../Middlewares/Third_Party/FreeRTOS/Source/queue.c
Invoking: MCU GCC Compiler
/home/alxhoff/git/Embedded/stm32_nixie_clock_firmware/Nixie_firmware/Debug
arm-none-eabi-gcc -mcpu=cortex-m4 -mthumb -mfloat-abi=hard -mfpu=fpv4-sp-d16 '-D__weak=__attribute__((weak))' '-D__packed="__attribute__((__packed__))"' -DUSE_HAL_DRIVER -DSTM32F429xx -I"/home/alxhoff/git/Embedded/stm32_nixie_clock_firmware/Nixie_firmware/Inc" -I"/home/alxhoff/git/Embedded/stm32_nixie_clock_firmware/Nixie_firmware/Drivers/STM32F4xx_HAL_Driver/Inc" -I"/home/alxhoff/git/Embedded/stm32_nixie_clock_firmware/Nixie_firmware/Drivers/STM32F4xx_HAL_Driver/Inc/Legacy" -I"/home/alxhoff/git/Embedded/stm32_nixie_clock_firmware/Nixie_firmware/Drivers/CMSIS/Device/ST/STM32F4xx/Include" -I"/home/alxhoff/git/Embedded/stm32_nixie_clock_firmware/Nixie_firmware/Drivers/CMSIS/Include" -I"/home/alxhoff/git/Embedded/stm32_nixie_clock_firmware/Nixie_firmware/Inc" -I"/home/alxhoff/git/Embedded/stm32_nixie_clock_firmware/Nixie_firmware/Middlewares/Third_Party/FreeRTOS/Source/portable/GCC/ARM_CM4F" -I"/home/alxhoff/git/Embedded/stm32_nixie_clock_firmware/Nixie_firmware/Middlewares/Third_Party/FreeRTOS/Source/include" -I"/home/alxhoff/git/Embedded/stm32_nixie_clock_firmware/Nixie_firmware/Middlewares/Third_Party/FreeRTOS/Source/CMSIS_RTOS"  -Og -g3 -Wall -fmessage-length=0 -ffunction-sections -c -fmessage-length=0 -MMD -MP -MF"Middlewares/Third_Party/FreeRTOS/Source/queue.d" -MT"Middlewares/Third_Party/FreeRTOS/Source/queue.o" -o "Middlewares/Third_Party/FreeRTOS/Source/queue.o" "../Middlewares/Third_Party/FreeRTOS/Source/queue.c"
Finished building: ../Middlewares/Third_Party/FreeRTOS/Source/queue.c
 
Building file: ../Middlewares/Third_Party/FreeRTOS/Source/tasks.c
Invoking: MCU GCC Compiler
/home/alxhoff/git/Embedded/stm32_nixie_clock_firmware/Nixie_firmware/Debug
arm-none-eabi-gcc -mcpu=cortex-m4 -mthumb -mfloat-abi=hard -mfpu=fpv4-sp-d16 '-D__weak=__attribute__((weak))' '-D__packed="__attribute__((__packed__))"' -DUSE_HAL_DRIVER -DSTM32F429xx -I"/home/alxhoff/git/Embedded/stm32_nixie_clock_firmware/Nixie_firmware/Inc" -I"/home/alxhoff/git/Embedded/stm32_nixie_clock_firmware/Nixie_firmware/Drivers/STM32F4xx_HAL_Driver/Inc" -I"/home/alxhoff/git/Embedded/stm32_nixie_clock_firmware/Nixie_firmware/Drivers/STM32F4xx_HAL_Driver/Inc/Legacy" -I"/home/alxhoff/git/Embedded/stm32_nixie_clock_firmware/Nixie_firmware/Drivers/CMSIS/Device/ST/STM32F4xx/Include" -I"/home/alxhoff/git/Embedded/stm32_nixie_clock_firmware/Nixie_firmware/Drivers/CMSIS/Include" -I"/home/alxhoff/git/Embedded/stm32_nixie_clock_firmware/Nixie_firmware/Inc" -I"/home/alxhoff/git/Embedded/stm32_nixie_clock_firmware/Nixie_firmware/Middlewares/Third_Party/FreeRTOS/Source/portable/GCC/ARM_CM4F" -I"/home/alxhoff/git/Embedded/stm32_nixie_clock_firmware/Nixie_firmware/Middlewares/Third_Party/FreeRTOS/Source/include" -I"/home/alxhoff/git/Embedded/stm32_nixie_clock_firmware/Nixie_firmware/Middlewares/Third_Party/FreeRTOS/Source/CMSIS_RTOS"  -Og -g3 -Wall -fmessage-length=0 -ffunction-sections -c -fmessage-length=0 -MMD -MP -MF"Middlewares/Third_Party/FreeRTOS/Source/tasks.d" -MT"Middlewares/Third_Party/FreeRTOS/Source/tasks.o" -o "Middlewares/Third_Party/FreeRTOS/Source/tasks.o" "../Middlewares/Third_Party/FreeRTOS/Source/tasks.c"
Finished building: ../Middlewares/Third_Party/FreeRTOS/Source/tasks.c
 
Building file: ../Middlewares/Third_Party/FreeRTOS/Source/timers.c
Invoking: MCU GCC Compiler
/home/alxhoff/git/Embedded/stm32_nixie_clock_firmware/Nixie_firmware/Debug
arm-none-eabi-gcc -mcpu=cortex-m4 -mthumb -mfloat-abi=hard -mfpu=fpv4-sp-d16 '-D__weak=__attribute__((weak))' '-D__packed="__attribute__((__packed__))"' -DUSE_HAL_DRIVER -DSTM32F429xx -I"/home/alxhoff/git/Embedded/stm32_nixie_clock_firmware/Nixie_firmware/Inc" -I"/home/alxhoff/git/Embedded/stm32_nixie_clock_firmware/Nixie_firmware/Drivers/STM32F4xx_HAL_Driver/Inc" -I"/home/alxhoff/git/Embedded/stm32_nixie_clock_firmware/Nixie_firmware/Drivers/STM32F4xx_HAL_Driver/Inc/Legacy" -I"/home/alxhoff/git/Embedded/stm32_nixie_clock_firmware/Nixie_firmware/Drivers/CMSIS/Device/ST/STM32F4xx/Include" -I"/home/alxhoff/git/Embedded/stm32_nixie_clock_firmware/Nixie_firmware/Drivers/CMSIS/Include" -I"/home/alxhoff/git/Embedded/stm32_nixie_clock_firmware/Nixie_firmware/Inc" -I"/home/alxhoff/git/Embedded/stm32_nixie_clock_firmware/Nixie_firmware/Middlewares/Third_Party/FreeRTOS/Source/portable/GCC/ARM_CM4F" -I"/home/alxhoff/git/Embedded/stm32_nixie_clock_firmware/Nixie_firmware/Middlewares/Third_Party/FreeRTOS/Source/include" -I"/home/alxhoff/git/Embedded/stm32_nixie_clock_firmware/Nixie_firmware/Middlewares/Third_Party/FreeRTOS/Source/CMSIS_RTOS"  -Og -g3 -Wall -fmessage-length=0 -ffunction-sections -c -fmessage-length=0 -MMD -MP -MF"Middlewares/Third_Party/FreeRTOS/Source/timers.d" -MT"Middlewares/Third_Party/FreeRTOS/Source/timers.o" -o "Middlewares/Third_Party/FreeRTOS/Source/timers.o" "../Middlewares/Third_Party/FreeRTOS/Source/timers.c"
Finished building: ../Middlewares/Third_Party/FreeRTOS/Source/timers.c
 
Building file: ../Drivers/STM32F4xx_HAL_Driver/Src/stm32f4xx_hal.c
Invoking: MCU GCC Compiler
/home/alxhoff/git/Embedded/stm32_nixie_clock_firmware/Nixie_firmware/Debug
arm-none-eabi-gcc -mcpu=cortex-m4 -mthumb -mfloat-abi=hard -mfpu=fpv4-sp-d16 '-D__weak=__attribute__((weak))' '-D__packed="__attribute__((__packed__))"' -DUSE_HAL_DRIVER -DSTM32F429xx -I"/home/alxhoff/git/Embedded/stm32_nixie_clock_firmware/Nixie_firmware/Inc" -I"/home/alxhoff/git/Embedded/stm32_nixie_clock_firmware/Nixie_firmware/Drivers/STM32F4xx_HAL_Driver/Inc" -I"/home/alxhoff/git/Embedded/stm32_nixie_clock_firmware/Nixie_firmware/Drivers/STM32F4xx_HAL_Driver/Inc/Legacy" -I"/home/alxhoff/git/Embedded/stm32_nixie_clock_firmware/Nixie_firmware/Drivers/CMSIS/Device/ST/STM32F4xx/Include" -I"/home/alxhoff/git/Embedded/stm32_nixie_clock_firmware/Nixie_firmware/Drivers/CMSIS/Include" -I"/home/alxhoff/git/Embedded/stm32_nixie_clock_firmware/Nixie_firmware/Inc" -I"/home/alxhoff/git/Embedded/stm32_nixie_clock_firmware/Nixie_firmware/Middlewares/Third_Party/FreeRTOS/Source/portable/GCC/ARM_CM4F" -I"/home/alxhoff/git/Embedded/stm32_nixie_clock_firmware/Nixie_firmware/Middlewares/Third_Party/FreeRTOS/Source/include" -I"/home/alxhoff/git/Embedded/stm32_nixie_clock_firmware/Nixie_firmware/Middlewares/Third_Party/FreeRTOS/Source/CMSIS_RTOS"  -Og -g3 -Wall -fmessage-length=0 -ffunction-sections -c -fmessage-length=0 -MMD -MP -MF"Drivers/STM32F4xx_HAL_Driver/Src/stm32f4xx_hal.d" -MT"Drivers/STM32F4xx_HAL_Driver/Src/stm32f4xx_hal.o" -o "Drivers/STM32F4xx_HAL_Driver/Src/stm32f4xx_hal.o" "../Drivers/STM32F4xx_HAL_Driver/Src/stm32f4xx_hal.c"
Finished building: ../Drivers/STM32F4xx_HAL_Driver/Src/stm32f4xx_hal.c
 
Building file: ../Drivers/STM32F4xx_HAL_Driver/Src/stm32f4xx_hal_cortex.c
Invoking: MCU GCC Compiler
/home/alxhoff/git/Embedded/stm32_nixie_clock_firmware/Nixie_firmware/Debug
arm-none-eabi-gcc -mcpu=cortex-m4 -mthumb -mfloat-abi=hard -mfpu=fpv4-sp-d16 '-D__weak=__attribute__((weak))' '-D__packed="__attribute__((__packed__))"' -DUSE_HAL_DRIVER -DSTM32F429xx -I"/home/alxhoff/git/Embedded/stm32_nixie_clock_firmware/Nixie_firmware/Inc" -I"/home/alxhoff/git/Embedded/stm32_nixie_clock_firmware/Nixie_firmware/Drivers/STM32F4xx_HAL_Driver/Inc" -I"/home/alxhoff/git/Embedded/stm32_nixie_clock_firmware/Nixie_firmware/Drivers/STM32F4xx_HAL_Driver/Inc/Legacy" -I"/home/alxhoff/git/Embedded/stm32_nixie_clock_firmware/Nixie_firmware/Drivers/CMSIS/Device/ST/STM32F4xx/Include" -I"/home/alxhoff/git/Embedded/stm32_nixie_clock_firmware/Nixie_firmware/Drivers/CMSIS/Include" -I"/home/alxhoff/git/Embedded/stm32_nixie_clock_firmware/Nixie_firmware/Inc" -I"/home/alxhoff/git/Embedded/stm32_nixie_clock_firmware/Nixie_firmware/Middlewares/Third_Party/FreeRTOS/Source/portable/GCC/ARM_CM4F" -I"/home/alxhoff/git/Embedded/stm32_nixie_clock_firmware/Nixie_firmware/Middlewares/Third_Party/FreeRTOS/Source/include" -I"/home/alxhoff/git/Embedded/stm32_nixie_clock_firmware/Nixie_firmware/Middlewares/Third_Party/FreeRTOS/Source/CMSIS_RTOS"  -Og -g3 -Wall -fmessage-length=0 -ffunction-sections -c -fmessage-length=0 -MMD -MP -MF"Drivers/STM32F4xx_HAL_Driver/Src/stm32f4xx_hal_cortex.d" -MT"Drivers/STM32F4xx_HAL_Driver/Src/stm32f4xx_hal_cortex.o" -o "Drivers/STM32F4xx_HAL_Driver/Src/stm32f4xx_hal_cortex.o" "../Drivers/STM32F4xx_HAL_Driver/Src/stm32f4xx_hal_cortex.c"
Finished building: ../Drivers/STM32F4xx_HAL_Driver/Src/stm32f4xx_hal_cortex.c
 
Building file: ../Drivers/STM32F4xx_HAL_Driver/Src/stm32f4xx_hal_dma.c
Invoking: MCU GCC Compiler
/home/alxhoff/git/Embedded/stm32_nixie_clock_firmware/Nixie_firmware/Debug
arm-none-eabi-gcc -mcpu=cortex-m4 -mthumb -mfloat-abi=hard -mfpu=fpv4-sp-d16 '-D__weak=__attribute__((weak))' '-D__packed="__attribute__((__packed__))"' -DUSE_HAL_DRIVER -DSTM32F429xx -I"/home/alxhoff/git/Embedded/stm32_nixie_clock_firmware/Nixie_firmware/Inc" -I"/home/alxhoff/git/Embedded/stm32_nixie_clock_firmware/Nixie_firmware/Drivers/STM32F4xx_HAL_Driver/Inc" -I"/home/alxhoff/git/Embedded/stm32_nixie_clock_firmware/Nixie_firmware/Drivers/STM32F4xx_HAL_Driver/Inc/Legacy" -I"/home/alxhoff/git/Embedded/stm32_nixie_clock_firmware/Nixie_firmware/Drivers/CMSIS/Device/ST/STM32F4xx/Include" -I"/home/alxhoff/git/Embedded/stm32_nixie_clock_firmware/Nixie_firmware/Drivers/CMSIS/Include" -I"/home/alxhoff/git/Embedded/stm32_nixie_clock_firmware/Nixie_firmware/Inc" -I"/home/alxhoff/git/Embedded/stm32_nixie_clock_firmware/Nixie_firmware/Middlewares/Third_Party/FreeRTOS/Source/portable/GCC/ARM_CM4F" -I"/home/alxhoff/git/Embedded/stm32_nixie_clock_firmware/Nixie_firmware/Middlewares/Third_Party/FreeRTOS/Source/include" -I"/home/alxhoff/git/Embedded/stm32_nixie_clock_firmware/Nixie_firmware/Middlewares/Third_Party/FreeRTOS/Source/CMSIS_RTOS"  -Og -g3 -Wall -fmessage-length=0 -ffunction-sections -c -fmessage-length=0 -MMD -MP -MF"Drivers/STM32F4xx_HAL_Driver/Src/stm32f4xx_hal_dma.d" -MT"Drivers/STM32F4xx_HAL_Driver/Src/stm32f4xx_hal_dma.o" -o "Drivers/STM32F4xx_HAL_Driver/Src/stm32f4xx_hal_dma.o" "../Drivers/STM32F4xx_HAL_Driver/Src/stm32f4xx_hal_dma.c"
Finished building: ../Drivers/STM32F4xx_HAL_Driver/Src/stm32f4xx_hal_dma.c
 
Building file: ../Drivers/STM32F4xx_HAL_Driver/Src/stm32f4xx_hal_dma_ex.c
Invoking: MCU GCC Compiler
/home/alxhoff/git/Embedded/stm32_nixie_clock_firmware/Nixie_firmware/Debug
arm-none-eabi-gcc -mcpu=cortex-m4 -mthumb -mfloat-abi=hard -mfpu=fpv4-sp-d16 '-D__weak=__attribute__((weak))' '-D__packed="__attribute__((__packed__))"' -DUSE_HAL_DRIVER -DSTM32F429xx -I"/home/alxhoff/git/Embedded/stm32_nixie_clock_firmware/Nixie_firmware/Inc" -I"/home/alxhoff/git/Embedded/stm32_nixie_clock_firmware/Nixie_firmware/Drivers/STM32F4xx_HAL_Driver/Inc" -I"/home/alxhoff/git/Embedded/stm32_nixie_clock_firmware/Nixie_firmware/Drivers/STM32F4xx_HAL_Driver/Inc/Legacy" -I"/home/alxhoff/git/Embedded/stm32_nixie_clock_firmware/Nixie_firmware/Drivers/CMSIS/Device/ST/STM32F4xx/Include" -I"/home/alxhoff/git/Embedded/stm32_nixie_clock_firmware/Nixie_firmware/Drivers/CMSIS/Include" -I"/home/alxhoff/git/Embedded/stm32_nixie_clock_firmware/Nixie_firmware/Inc" -I"/home/alxhoff/git/Embedded/stm32_nixie_clock_firmware/Nixie_firmware/Middlewares/Third_Party/FreeRTOS/Source/portable/GCC/ARM_CM4F" -I"/home/alxhoff/git/Embedded/stm32_nixie_clock_firmware/Nixie_firmware/Middlewares/Third_Party/FreeRTOS/Source/include" -I"/home/alxhoff/git/Embedded/stm32_nixie_clock_firmware/Nixie_firmware/Middlewares/Third_Party/FreeRTOS/Source/CMSIS_RTOS"  -Og -g3 -Wall -fmessage-length=0 -ffunction-sections -c -fmessage-length=0 -MMD -MP -MF"Drivers/STM32F4xx_HAL_Driver/Src/stm32f4xx_hal_dma_ex.d" -MT"Drivers/STM32F4xx_HAL_Driver/Src/stm32f4xx_hal_dma_ex.o" -o "Drivers/STM32F4xx_HAL_Driver/Src/stm32f4xx_hal_dma_ex.o" "../Drivers/STM32F4xx_HAL_Driver/Src/stm32f4xx_hal_dma_ex.c"
Finished building: ../Drivers/STM32F4xx_HAL_Driver/Src/stm32f4xx_hal_dma_ex.c
 
Building file: ../Drivers/STM32F4xx_HAL_Driver/Src/stm32f4xx_hal_flash.c
Invoking: MCU GCC Compiler
/home/alxhoff/git/Embedded/stm32_nixie_clock_firmware/Nixie_firmware/Debug
arm-none-eabi-gcc -mcpu=cortex-m4 -mthumb -mfloat-abi=hard -mfpu=fpv4-sp-d16 '-D__weak=__attribute__((weak))' '-D__packed="__attribute__((__packed__))"' -DUSE_HAL_DRIVER -DSTM32F429xx -I"/home/alxhoff/git/Embedded/stm32_nixie_clock_firmware/Nixie_firmware/Inc" -I"/home/alxhoff/git/Embedded/stm32_nixie_clock_firmware/Nixie_firmware/Drivers/STM32F4xx_HAL_Driver/Inc" -I"/home/alxhoff/git/Embedded/stm32_nixie_clock_firmware/Nixie_firmware/Drivers/STM32F4xx_HAL_Driver/Inc/Legacy" -I"/home/alxhoff/git/Embedded/stm32_nixie_clock_firmware/Nixie_firmware/Drivers/CMSIS/Device/ST/STM32F4xx/Include" -I"/home/alxhoff/git/Embedded/stm32_nixie_clock_firmware/Nixie_firmware/Drivers/CMSIS/Include" -I"/home/alxhoff/git/Embedded/stm32_nixie_clock_firmware/Nixie_firmware/Inc" -I"/home/alxhoff/git/Embedded/stm32_nixie_clock_firmware/Nixie_firmware/Middlewares/Third_Party/FreeRTOS/Source/portable/GCC/ARM_CM4F" -I"/home/alxhoff/git/Embedded/stm32_nixie_clock_firmware/Nixie_firmware/Middlewares/Third_Party/FreeRTOS/Source/include" -I"/home/alxhoff/git/Embedded/stm32_nixie_clock_firmware/Nixie_firmware/Middlewares/Third_Party/FreeRTOS/Source/CMSIS_RTOS"  -Og -g3 -Wall -fmessage-length=0 -ffunction-sections -c -fmessage-length=0 -MMD -MP -MF"Drivers/STM32F4xx_HAL_Driver/Src/stm32f4xx_hal_flash.d" -MT"Drivers/STM32F4xx_HAL_Driver/Src/stm32f4xx_hal_flash.o" -o "Drivers/STM32F4xx_HAL_Driver/Src/stm32f4xx_hal_flash.o" "../Drivers/STM32F4xx_HAL_Driver/Src/stm32f4xx_hal_flash.c"
Finished building: ../Drivers/STM32F4xx_HAL_Driver/Src/stm32f4xx_hal_flash.c
 
Building file: ../Drivers/STM32F4xx_HAL_Driver/Src/stm32f4xx_hal_flash_ex.c
Invoking: MCU GCC Compiler
/home/alxhoff/git/Embedded/stm32_nixie_clock_firmware/Nixie_firmware/Debug
arm-none-eabi-gcc -mcpu=cortex-m4 -mthumb -mfloat-abi=hard -mfpu=fpv4-sp-d16 '-D__weak=__attribute__((weak))' '-D__packed="__attribute__((__packed__))"' -DUSE_HAL_DRIVER -DSTM32F429xx -I"/home/alxhoff/git/Embedded/stm32_nixie_clock_firmware/Nixie_firmware/Inc" -I"/home/alxhoff/git/Embedded/stm32_nixie_clock_firmware/Nixie_firmware/Drivers/STM32F4xx_HAL_Driver/Inc" -I"/home/alxhoff/git/Embedded/stm32_nixie_clock_firmware/Nixie_firmware/Drivers/STM32F4xx_HAL_Driver/Inc/Legacy" -I"/home/alxhoff/git/Embedded/stm32_nixie_clock_firmware/Nixie_firmware/Drivers/CMSIS/Device/ST/STM32F4xx/Include" -I"/home/alxhoff/git/Embedded/stm32_nixie_clock_firmware/Nixie_firmware/Drivers/CMSIS/Include" -I"/home/alxhoff/git/Embedded/stm32_nixie_clock_firmware/Nixie_firmware/Inc" -I"/home/alxhoff/git/Embedded/stm32_nixie_clock_firmware/Nixie_firmware/Middlewares/Third_Party/FreeRTOS/Source/portable/GCC/ARM_CM4F" -I"/home/alxhoff/git/Embedded/stm32_nixie_clock_firmware/Nixie_firmware/Middlewares/Third_Party/FreeRTOS/Source/include" -I"/home/alxhoff/git/Embedded/stm32_nixie_clock_firmware/Nixie_firmware/Middlewares/Third_Party/FreeRTOS/Source/CMSIS_RTOS"  -Og -g3 -Wall -fmessage-length=0 -ffunction-sections -c -fmessage-length=0 -MMD -MP -MF"Drivers/STM32F4xx_HAL_Driver/Src/stm32f4xx_hal_flash_ex.d" -MT"Drivers/STM32F4xx_HAL_Driver/Src/stm32f4xx_hal_flash_ex.o" -o "Drivers/STM32F4xx_HAL_Driver/Src/stm32f4xx_hal_flash_ex.o" "../Drivers/STM32F4xx_HAL_Driver/Src/stm32f4xx_hal_flash_ex.c"
Finished building: ../Drivers/STM32F4xx_HAL_Driver/Src/stm32f4xx_hal_flash_ex.c
 
Building file: ../Drivers/STM32F4xx_HAL_Driver/Src/stm32f4xx_hal_flash_ramfunc.c
Invoking: MCU GCC Compiler
/home/alxhoff/git/Embedded/stm32_nixie_clock_firmware/Nixie_firmware/Debug
arm-none-eabi-gcc -mcpu=cortex-m4 -mthumb -mfloat-abi=hard -mfpu=fpv4-sp-d16 '-D__weak=__attribute__((weak))' '-D__packed="__attribute__((__packed__))"' -DUSE_HAL_DRIVER -DSTM32F429xx -I"/home/alxhoff/git/Embedded/stm32_nixie_clock_firmware/Nixie_firmware/Inc" -I"/home/alxhoff/git/Embedded/stm32_nixie_clock_firmware/Nixie_firmware/Drivers/STM32F4xx_HAL_Driver/Inc" -I"/home/alxhoff/git/Embedded/stm32_nixie_clock_firmware/Nixie_firmware/Drivers/STM32F4xx_HAL_Driver/Inc/Legacy" -I"/home/alxhoff/git/Embedded/stm32_nixie_clock_firmware/Nixie_firmware/Drivers/CMSIS/Device/ST/STM32F4xx/Include" -I"/home/alxhoff/git/Embedded/stm32_nixie_clock_firmware/Nixie_firmware/Drivers/CMSIS/Include" -I"/home/alxhoff/git/Embedded/stm32_nixie_clock_firmware/Nixie_firmware/Inc" -I"/home/alxhoff/git/Embedded/stm32_nixie_clock_firmware/Nixie_firmware/Middlewares/Third_Party/FreeRTOS/Source/portable/GCC/ARM_CM4F" -I"/home/alxhoff/git/Embedded/stm32_nixie_clock_firmware/Nixie_firmware/Middlewares/Third_Party/FreeRTOS/Source/include" -I"/home/alxhoff/git/Embedded/stm32_nixie_clock_firmware/Nixie_firmware/Middlewares/Third_Party/FreeRTOS/Source/CMSIS_RTOS"  -Og -g3 -Wall -fmessage-length=0 -ffunction-sections -c -fmessage-length=0 -MMD -MP -MF"Drivers/STM32F4xx_HAL_Driver/Src/stm32f4xx_hal_flash_ramfunc.d" -MT"Drivers/STM32F4xx_HAL_Driver/Src/stm32f4xx_hal_flash_ramfunc.o" -o "Drivers/STM32F4xx_HAL_Driver/Src/stm32f4xx_hal_flash_ramfunc.o" "../Drivers/STM32F4xx_HAL_Driver/Src/stm32f4xx_hal_flash_ramfunc.c"
Finished building: ../Drivers/STM32F4xx_HAL_Driver/Src/stm32f4xx_hal_flash_ramfunc.c
 
Building file: ../Drivers/STM32F4xx_HAL_Driver/Src/stm32f4xx_hal_gpio.c
Invoking: MCU GCC Compiler
/home/alxhoff/git/Embedded/stm32_nixie_clock_firmware/Nixie_firmware/Debug
arm-none-eabi-gcc -mcpu=cortex-m4 -mthumb -mfloat-abi=hard -mfpu=fpv4-sp-d16 '-D__weak=__attribute__((weak))' '-D__packed="__attribute__((__packed__))"' -DUSE_HAL_DRIVER -DSTM32F429xx -I"/home/alxhoff/git/Embedded/stm32_nixie_clock_firmware/Nixie_firmware/Inc" -I"/home/alxhoff/git/Embedded/stm32_nixie_clock_firmware/Nixie_firmware/Drivers/STM32F4xx_HAL_Driver/Inc" -I"/home/alxhoff/git/Embedded/stm32_nixie_clock_firmware/Nixie_firmware/Drivers/STM32F4xx_HAL_Driver/Inc/Legacy" -I"/home/alxhoff/git/Embedded/stm32_nixie_clock_firmware/Nixie_firmware/Drivers/CMSIS/Device/ST/STM32F4xx/Include" -I"/home/alxhoff/git/Embedded/stm32_nixie_clock_firmware/Nixie_firmware/Drivers/CMSIS/Include" -I"/home/alxhoff/git/Embedded/stm32_nixie_clock_firmware/Nixie_firmware/Inc" -I"/home/alxhoff/git/Embedded/stm32_nixie_clock_firmware/Nixie_firmware/Middlewares/Third_Party/FreeRTOS/Source/portable/GCC/ARM_CM4F" -I"/home/alxhoff/git/Embedded/stm32_nixie_clock_firmware/Nixie_firmware/Middlewares/Third_Party/FreeRTOS/Source/include" -I"/home/alxhoff/git/Embedded/stm32_nixie_clock_firmware/Nixie_firmware/Middlewares/Third_Party/FreeRTOS/Source/CMSIS_RTOS"  -Og -g3 -Wall -fmessage-length=0 -ffunction-sections -c -fmessage-length=0 -MMD -MP -MF"Drivers/STM32F4xx_HAL_Driver/Src/stm32f4xx_hal_gpio.d" -MT"Drivers/STM32F4xx_HAL_Driver/Src/stm32f4xx_hal_gpio.o" -o "Drivers/STM32F4xx_HAL_Driver/Src/stm32f4xx_hal_gpio.o" "../Drivers/STM32F4xx_HAL_Driver/Src/stm32f4xx_hal_gpio.c"
Finished building: ../Drivers/STM32F4xx_HAL_Driver/Src/stm32f4xx_hal_gpio.c
 
Building file: ../Drivers/STM32F4xx_HAL_Driver/Src/stm32f4xx_hal_i2c.c
Invoking: MCU GCC Compiler
/home/alxhoff/git/Embedded/stm32_nixie_clock_firmware/Nixie_firmware/Debug
arm-none-eabi-gcc -mcpu=cortex-m4 -mthumb -mfloat-abi=hard -mfpu=fpv4-sp-d16 '-D__weak=__attribute__((weak))' '-D__packed="__attribute__((__packed__))"' -DUSE_HAL_DRIVER -DSTM32F429xx -I"/home/alxhoff/git/Embedded/stm32_nixie_clock_firmware/Nixie_firmware/Inc" -I"/home/alxhoff/git/Embedded/stm32_nixie_clock_firmware/Nixie_firmware/Drivers/STM32F4xx_HAL_Driver/Inc" -I"/home/alxhoff/git/Embedded/stm32_nixie_clock_firmware/Nixie_firmware/Drivers/STM32F4xx_HAL_Driver/Inc/Legacy" -I"/home/alxhoff/git/Embedded/stm32_nixie_clock_firmware/Nixie_firmware/Drivers/CMSIS/Device/ST/STM32F4xx/Include" -I"/home/alxhoff/git/Embedded/stm32_nixie_clock_firmware/Nixie_firmware/Drivers/CMSIS/Include" -I"/home/alxhoff/git/Embedded/stm32_nixie_clock_firmware/Nixie_firmware/Inc" -I"/home/alxhoff/git/Embedded/stm32_nixie_clock_firmware/Nixie_firmware/Middlewares/Third_Party/FreeRTOS/Source/portable/GCC/ARM_CM4F" -I"/home/alxhoff/git/Embedded/stm32_nixie_clock_firmware/Nixie_firmware/Middlewares/Third_Party/FreeRTOS/Source/include" -I"/home/alxhoff/git/Embedded/stm32_nixie_clock_firmware/Nixie_firmware/Middlewares/Third_Party/FreeRTOS/Source/CMSIS_RTOS"  -Og -g3 -Wall -fmessage-length=0 -ffunction-sections -c -fmessage-length=0 -MMD -MP -MF"Drivers/STM32F4xx_HAL_Driver/Src/stm32f4xx_hal_i2c.d" -MT"Drivers/STM32F4xx_HAL_Driver/Src/stm32f4xx_hal_i2c.o" -o "Drivers/STM32F4xx_HAL_Driver/Src/stm32f4xx_hal_i2c.o" "../Drivers/STM32F4xx_HAL_Driver/Src/stm32f4xx_hal_i2c.c"
Finished building: ../Drivers/STM32F4xx_HAL_Driver/Src/stm32f4xx_hal_i2c.c
 
Building file: ../Drivers/STM32F4xx_HAL_Driver/Src/stm32f4xx_hal_i2c_ex.c
Invoking: MCU GCC Compiler
/home/alxhoff/git/Embedded/stm32_nixie_clock_firmware/Nixie_firmware/Debug
arm-none-eabi-gcc -mcpu=cortex-m4 -mthumb -mfloat-abi=hard -mfpu=fpv4-sp-d16 '-D__weak=__attribute__((weak))' '-D__packed="__attribute__((__packed__))"' -DUSE_HAL_DRIVER -DSTM32F429xx -I"/home/alxhoff/git/Embedded/stm32_nixie_clock_firmware/Nixie_firmware/Inc" -I"/home/alxhoff/git/Embedded/stm32_nixie_clock_firmware/Nixie_firmware/Drivers/STM32F4xx_HAL_Driver/Inc" -I"/home/alxhoff/git/Embedded/stm32_nixie_clock_firmware/Nixie_firmware/Drivers/STM32F4xx_HAL_Driver/Inc/Legacy" -I"/home/alxhoff/git/Embedded/stm32_nixie_clock_firmware/Nixie_firmware/Drivers/CMSIS/Device/ST/STM32F4xx/Include" -I"/home/alxhoff/git/Embedded/stm32_nixie_clock_firmware/Nixie_firmware/Drivers/CMSIS/Include" -I"/home/alxhoff/git/Embedded/stm32_nixie_clock_firmware/Nixie_firmware/Inc" -I"/home/alxhoff/git/Embedded/stm32_nixie_clock_firmware/Nixie_firmware/Middlewares/Third_Party/FreeRTOS/Source/portable/GCC/ARM_CM4F" -I"/home/alxhoff/git/Embedded/stm32_nixie_clock_firmware/Nixie_firmware/Middlewares/Third_Party/FreeRTOS/Source/include" -I"/home/alxhoff/git/Embedded/stm32_nixie_clock_firmware/Nixie_firmware/Middlewares/Third_Party/FreeRTOS/Source/CMSIS_RTOS"  -Og -g3 -Wall -fmessage-length=0 -ffunction-sections -c -fmessage-length=0 -MMD -MP -MF"Drivers/STM32F4xx_HAL_Driver/Src/stm32f4xx_hal_i2c_ex.d" -MT"Drivers/STM32F4xx_HAL_Driver/Src/stm32f4xx_hal_i2c_ex.o" -o "Drivers/STM32F4xx_HAL_Driver/Src/stm32f4xx_hal_i2c_ex.o" "../Drivers/STM32F4xx_HAL_Driver/Src/stm32f4xx_hal_i2c_ex.c"
Finished building: ../Drivers/STM32F4xx_HAL_Driver/Src/stm32f4xx_hal_i2c_ex.c
 
Building file: ../Drivers/STM32F4xx_HAL_Driver/Src/stm32f4xx_hal_pwr.c
Invoking: MCU GCC Compiler
/home/alxhoff/git/Embedded/stm32_nixie_clock_firmware/Nixie_firmware/Debug
arm-none-eabi-gcc -mcpu=cortex-m4 -mthumb -mfloat-abi=hard -mfpu=fpv4-sp-d16 '-D__weak=__attribute__((weak))' '-D__packed="__attribute__((__packed__))"' -DUSE_HAL_DRIVER -DSTM32F429xx -I"/home/alxhoff/git/Embedded/stm32_nixie_clock_firmware/Nixie_firmware/Inc" -I"/home/alxhoff/git/Embedded/stm32_nixie_clock_firmware/Nixie_firmware/Drivers/STM32F4xx_HAL_Driver/Inc" -I"/home/alxhoff/git/Embedded/stm32_nixie_clock_firmware/Nixie_firmware/Drivers/STM32F4xx_HAL_Driver/Inc/Legacy" -I"/home/alxhoff/git/Embedded/stm32_nixie_clock_firmware/Nixie_firmware/Drivers/CMSIS/Device/ST/STM32F4xx/Include" -I"/home/alxhoff/git/Embedded/stm32_nixie_clock_firmware/Nixie_firmware/Drivers/CMSIS/Include" -I"/home/alxhoff/git/Embedded/stm32_nixie_clock_firmware/Nixie_firmware/Inc" -I"/home/alxhoff/git/Embedded/stm32_nixie_clock_firmware/Nixie_firmware/Middlewares/Third_Party/FreeRTOS/Source/portable/GCC/ARM_CM4F" -I"/home/alxhoff/git/Embedded/stm32_nixie_clock_firmware/Nixie_firmware/Middlewares/Third_Party/FreeRTOS/Source/include" -I"/home/alxhoff/git/Embedded/stm32_nixie_clock_firmware/Nixie_firmware/Middlewares/Third_Party/FreeRTOS/Source/CMSIS_RTOS"  -Og -g3 -Wall -fmessage-length=0 -ffunction-sections -c -fmessage-length=0 -MMD -MP -MF"Drivers/STM32F4xx_HAL_Driver/Src/stm32f4xx_hal_pwr.d" -MT"Drivers/STM32F4xx_HAL_Driver/Src/stm32f4xx_hal_pwr.o" -o "Drivers/STM32F4xx_HAL_Driver/Src/stm32f4xx_hal_pwr.o" "../Drivers/STM32F4xx_HAL_Driver/Src/stm32f4xx_hal_pwr.c"
Finished building: ../Drivers/STM32F4xx_HAL_Driver/Src/stm32f4xx_hal_pwr.c
 
Building file: ../Drivers/STM32F4xx_HAL_Driver/Src/stm32f4xx_hal_pwr_ex.c
Invoking: MCU GCC Compiler
/home/alxhoff/git/Embedded/stm32_nixie_clock_firmware/Nixie_firmware/Debug
arm-none-eabi-gcc -mcpu=cortex-m4 -mthumb -mfloat-abi=hard -mfpu=fpv4-sp-d16 '-D__weak=__attribute__((weak))' '-D__packed="__attribute__((__packed__))"' -DUSE_HAL_DRIVER -DSTM32F429xx -I"/home/alxhoff/git/Embedded/stm32_nixie_clock_firmware/Nixie_firmware/Inc" -I"/home/alxhoff/git/Embedded/stm32_nixie_clock_firmware/Nixie_firmware/Drivers/STM32F4xx_HAL_Driver/Inc" -I"/home/alxhoff/git/Embedded/stm32_nixie_clock_firmware/Nixie_firmware/Drivers/STM32F4xx_HAL_Driver/Inc/Legacy" -I"/home/alxhoff/git/Embedded/stm32_nixie_clock_firmware/Nixie_firmware/Drivers/CMSIS/Device/ST/STM32F4xx/Include" -I"/home/alxhoff/git/Embedded/stm32_nixie_clock_firmware/Nixie_firmware/Drivers/CMSIS/Include" -I"/home/alxhoff/git/Embedded/stm32_nixie_clock_firmware/Nixie_firmware/Inc" -I"/home/alxhoff/git/Embedded/stm32_nixie_clock_firmware/Nixie_firmware/Middlewares/Third_Party/FreeRTOS/Source/portable/GCC/ARM_CM4F" -I"/home/alxhoff/git/Embedded/stm32_nixie_clock_firmware/Nixie_firmware/Middlewares/Third_Party/FreeRTOS/Source/include" -I"/home/alxhoff/git/Embedded/stm32_nixie_clock_firmware/Nixie_firmware/Middlewares/Third_Party/FreeRTOS/Source/CMSIS_RTOS"  -Og -g3 -Wall -fmessage-length=0 -ffunction-sections -c -fmessage-length=0 -MMD -MP -MF"Drivers/STM32F4xx_HAL_Driver/Src/stm32f4xx_hal_pwr_ex.d" -MT"Drivers/STM32F4xx_HAL_Driver/Src/stm32f4xx_hal_pwr_ex.o" -o "Drivers/STM32F4xx_HAL_Driver/Src/stm32f4xx_hal_pwr_ex.o" "../Drivers/STM32F4xx_HAL_Driver/Src/stm32f4xx_hal_pwr_ex.c"
Finished building: ../Drivers/STM32F4xx_HAL_Driver/Src/stm32f4xx_hal_pwr_ex.c
 
Building file: ../Drivers/STM32F4xx_HAL_Driver/Src/stm32f4xx_hal_rcc.c
Invoking: MCU GCC Compiler
/home/alxhoff/git/Embedded/stm32_nixie_clock_firmware/Nixie_firmware/Debug
arm-none-eabi-gcc -mcpu=cortex-m4 -mthumb -mfloat-abi=hard -mfpu=fpv4-sp-d16 '-D__weak=__attribute__((weak))' '-D__packed="__attribute__((__packed__))"' -DUSE_HAL_DRIVER -DSTM32F429xx -I"/home/alxhoff/git/Embedded/stm32_nixie_clock_firmware/Nixie_firmware/Inc" -I"/home/alxhoff/git/Embedded/stm32_nixie_clock_firmware/Nixie_firmware/Drivers/STM32F4xx_HAL_Driver/Inc" -I"/home/alxhoff/git/Embedded/stm32_nixie_clock_firmware/Nixie_firmware/Drivers/STM32F4xx_HAL_Driver/Inc/Legacy" -I"/home/alxhoff/git/Embedded/stm32_nixie_clock_firmware/Nixie_firmware/Drivers/CMSIS/Device/ST/STM32F4xx/Include" -I"/home/alxhoff/git/Embedded/stm32_nixie_clock_firmware/Nixie_firmware/Drivers/CMSIS/Include" -I"/home/alxhoff/git/Embedded/stm32_nixie_clock_firmware/Nixie_firmware/Inc" -I"/home/alxhoff/git/Embedded/stm32_nixie_clock_firmware/Nixie_firmware/Middlewares/Third_Party/FreeRTOS/Source/portable/GCC/ARM_CM4F" -I"/home/alxhoff/git/Embedded/stm32_nixie_clock_firmware/Nixie_firmware/Middlewares/Third_Party/FreeRTOS/Source/include" -I"/home/alxhoff/git/Embedded/stm32_nixie_clock_firmware/Nixie_firmware/Middlewares/Third_Party/FreeRTOS/Source/CMSIS_RTOS"  -Og -g3 -Wall -fmessage-length=0 -ffunction-sections -c -fmessage-length=0 -MMD -MP -MF"Drivers/STM32F4xx_HAL_Driver/Src/stm32f4xx_hal_rcc.d" -MT"Drivers/STM32F4xx_HAL_Driver/Src/stm32f4xx_hal_rcc.o" -o "Drivers/STM32F4xx_HAL_Driver/Src/stm32f4xx_hal_rcc.o" "../Drivers/STM32F4xx_HAL_Driver/Src/stm32f4xx_hal_rcc.c"
Finished building: ../Drivers/STM32F4xx_HAL_Driver/Src/stm32f4xx_hal_rcc.c
 
Building file: ../Drivers/STM32F4xx_HAL_Driver/Src/stm32f4xx_hal_rcc_ex.c
Invoking: MCU GCC Compiler
/home/alxhoff/git/Embedded/stm32_nixie_clock_firmware/Nixie_firmware/Debug
arm-none-eabi-gcc -mcpu=cortex-m4 -mthumb -mfloat-abi=hard -mfpu=fpv4-sp-d16 '-D__weak=__attribute__((weak))' '-D__packed="__attribute__((__packed__))"' -DUSE_HAL_DRIVER -DSTM32F429xx -I"/home/alxhoff/git/Embedded/stm32_nixie_clock_firmware/Nixie_firmware/Inc" -I"/home/alxhoff/git/Embedded/stm32_nixie_clock_firmware/Nixie_firmware/Drivers/STM32F4xx_HAL_Driver/Inc" -I"/home/alxhoff/git/Embedded/stm32_nixie_clock_firmware/Nixie_firmware/Drivers/STM32F4xx_HAL_Driver/Inc/Legacy" -I"/home/alxhoff/git/Embedded/stm32_nixie_clock_firmware/Nixie_firmware/Drivers/CMSIS/Device/ST/STM32F4xx/Include" -I"/home/alxhoff/git/Embedded/stm32_nixie_clock_firmware/Nixie_firmware/Drivers/CMSIS/Include" -I"/home/alxhoff/git/Embedded/stm32_nixie_clock_firmware/Nixie_firmware/Inc" -I"/home/alxhoff/git/Embedded/stm32_nixie_clock_firmware/Nixie_firmware/Middlewares/Third_Party/FreeRTOS/Source/portable/GCC/ARM_CM4F" -I"/home/alxhoff/git/Embedded/stm32_nixie_clock_firmware/Nixie_firmware/Middlewares/Third_Party/FreeRTOS/Source/include" -I"/home/alxhoff/git/Embedded/stm32_nixie_clock_firmware/Nixie_firmware/Middlewares/Third_Party/FreeRTOS/Source/CMSIS_RTOS"  -Og -g3 -Wall -fmessage-length=0 -ffunction-sections -c -fmessage-length=0 -MMD -MP -MF"Drivers/STM32F4xx_HAL_Driver/Src/stm32f4xx_hal_rcc_ex.d" -MT"Drivers/STM32F4xx_HAL_Driver/Src/stm32f4xx_hal_rcc_ex.o" -o "Drivers/STM32F4xx_HAL_Driver/Src/stm32f4xx_hal_rcc_ex.o" "../Drivers/STM32F4xx_HAL_Driver/Src/stm32f4xx_hal_rcc_ex.c"
Finished building: ../Drivers/STM32F4xx_HAL_Driver/Src/stm32f4xx_hal_rcc_ex.c
 
Building file: ../Drivers/STM32F4xx_HAL_Driver/Src/stm32f4xx_hal_tim.c
Invoking: MCU GCC Compiler
/home/alxhoff/git/Embedded/stm32_nixie_clock_firmware/Nixie_firmware/Debug
arm-none-eabi-gcc -mcpu=cortex-m4 -mthumb -mfloat-abi=hard -mfpu=fpv4-sp-d16 '-D__weak=__attribute__((weak))' '-D__packed="__attribute__((__packed__))"' -DUSE_HAL_DRIVER -DSTM32F429xx -I"/home/alxhoff/git/Embedded/stm32_nixie_clock_firmware/Nixie_firmware/Inc" -I"/home/alxhoff/git/Embedded/stm32_nixie_clock_firmware/Nixie_firmware/Drivers/STM32F4xx_HAL_Driver/Inc" -I"/home/alxhoff/git/Embedded/stm32_nixie_clock_firmware/Nixie_firmware/Drivers/STM32F4xx_HAL_Driver/Inc/Legacy" -I"/home/alxhoff/git/Embedded/stm32_nixie_clock_firmware/Nixie_firmware/Drivers/CMSIS/Device/ST/STM32F4xx/Include" -I"/home/alxhoff/git/Embedded/stm32_nixie_clock_firmware/Nixie_firmware/Drivers/CMSIS/Include" -I"/home/alxhoff/git/Embedded/stm32_nixie_clock_firmware/Nixie_firmware/Inc" -I"/home/alxhoff/git/Embedded/stm32_nixie_clock_firmware/Nixie_firmware/Middlewares/Third_Party/FreeRTOS/Source/portable/GCC/ARM_CM4F" -I"/home/alxhoff/git/Embedded/stm32_nixie_clock_firmware/Nixie_firmware/Middlewares/Third_Party/FreeRTOS/Source/include" -I"/home/alxhoff/git/Embedded/stm32_nixie_clock_firmware/Nixie_firmware/Middlewares/Third_Party/FreeRTOS/Source/CMSIS_RTOS"  -Og -g3 -Wall -fmessage-length=0 -ffunction-sections -c -fmessage-length=0 -MMD -MP -MF"Drivers/STM32F4xx_HAL_Driver/Src/stm32f4xx_hal_tim.d" -MT"Drivers/STM32F4xx_HAL_Driver/Src/stm32f4xx_hal_tim.o" -o "Drivers/STM32F4xx_HAL_Driver/Src/stm32f4xx_hal_tim.o" "../Drivers/STM32F4xx_HAL_Driver/Src/stm32f4xx_hal_tim.c"
Finished building: ../Drivers/STM32F4xx_HAL_Driver/Src/stm32f4xx_hal_tim.c
 
Building file: ../Drivers/STM32F4xx_HAL_Driver/Src/stm32f4xx_hal_tim_ex.c
Invoking: MCU GCC Compiler
/home/alxhoff/git/Embedded/stm32_nixie_clock_firmware/Nixie_firmware/Debug
arm-none-eabi-gcc -mcpu=cortex-m4 -mthumb -mfloat-abi=hard -mfpu=fpv4-sp-d16 '-D__weak=__attribute__((weak))' '-D__packed="__attribute__((__packed__))"' -DUSE_HAL_DRIVER -DSTM32F429xx -I"/home/alxhoff/git/Embedded/stm32_nixie_clock_firmware/Nixie_firmware/Inc" -I"/home/alxhoff/git/Embedded/stm32_nixie_clock_firmware/Nixie_firmware/Drivers/STM32F4xx_HAL_Driver/Inc" -I"/home/alxhoff/git/Embedded/stm32_nixie_clock_firmware/Nixie_firmware/Drivers/STM32F4xx_HAL_Driver/Inc/Legacy" -I"/home/alxhoff/git/Embedded/stm32_nixie_clock_firmware/Nixie_firmware/Drivers/CMSIS/Device/ST/STM32F4xx/Include" -I"/home/alxhoff/git/Embedded/stm32_nixie_clock_firmware/Nixie_firmware/Drivers/CMSIS/Include" -I"/home/alxhoff/git/Embedded/stm32_nixie_clock_firmware/Nixie_firmware/Inc" -I"/home/alxhoff/git/Embedded/stm32_nixie_clock_firmware/Nixie_firmware/Middlewares/Third_Party/FreeRTOS/Source/portable/GCC/ARM_CM4F" -I"/home/alxhoff/git/Embedded/stm32_nixie_clock_firmware/Nixie_firmware/Middlewares/Third_Party/FreeRTOS/Source/include" -I"/home/alxhoff/git/Embedded/stm32_nixie_clock_firmware/Nixie_firmware/Middlewares/Third_Party/FreeRTOS/Source/CMSIS_RTOS"  -Og -g3 -Wall -fmessage-length=0 -ffunction-sections -c -fmessage-length=0 -MMD -MP -MF"Drivers/STM32F4xx_HAL_Driver/Src/stm32f4xx_hal_tim_ex.d" -MT"Drivers/STM32F4xx_HAL_Driver/Src/stm32f4xx_hal_tim_ex.o" -o "Drivers/STM32F4xx_HAL_Driver/Src/stm32f4xx_hal_tim_ex.o" "../Drivers/STM32F4xx_HAL_Driver/Src/stm32f4xx_hal_tim_ex.c"
Finished building: ../Drivers/STM32F4xx_HAL_Driver/Src/stm32f4xx_hal_tim_ex.c
 
Building target: Nixie_firmware.elf
Invoking: MCU GCC Linker
arm-none-eabi-gcc -mcpu=cortex-m4 -mthumb -mfloat-abi=hard -mfpu=fpv4-sp-d16 -specs=nosys.specs -specs=nano.specs -T"../STM32F429ZITx_FLASH.ld" -Wl,-Map=output.map -Wl,--gc-sections -o "Nixie_firmware.elf" @"objects.list"   -lm
Finished building target: Nixie_firmware.elf
 
make --no-print-directory post-build
Generating binary and Printing size information:
arm-none-eabi-objcopy -O binary "Nixie_firmware.elf" "Nixie_firmware.bin"
arm-none-eabi-size "Nixie_firmware.elf"
   text	   data	    bss	    dec	    hex	filename
  32564	    140	  18660	  51364	   c8a4	Nixie_firmware.elf
 
